This file contains any messages produced by compilers while
running configure, to aid debugging if configure makes a mistake.

It was created by sleuthkit configure 4.6.6, which was
generated by GNU Autoconf 2.69.  Invocation command line was

  $ configure --disable-java --without-afflib --without-libewf --without-libpq --without-libvhdi --without-libvmdk --without-zlib

## --------- ##
## Platform. ##
## --------- ##

hostname = beyond.dominion
uname -m = x86_64
uname -r = 5.0.10-200.fc29.x86_64
uname -s = Linux
uname -v = #1 SMP Mon Apr 29 14:51:52 UTC 2019

/usr/bin/uname -p = x86_64
/bin/uname -X     = unknown

/bin/arch              = x86_64
/usr/bin/arch -k       = unknown
/usr/convex/getsysinfo = unknown
/usr/bin/hostinfo      = unknown
/bin/machine           = unknown
/usr/bin/oslevel       = unknown
/bin/universe          = unknown

PATH: /usr/libexec/python2-sphinx
PATH: /usr/lib64/qt-3.3/bin
PATH: /usr/share/Modules/bin
PATH: /usr/local/bin
PATH: /usr/local/sbin
PATH: /usr/bin
PATH: /usr/sbin
PATH: /home/lordyesta/.local/bin
PATH: /home/lordyesta/bin


## ----------- ##
## Core tests. ##
## ----------- ##

configure:2710: checking for a BSD-compatible install
configure:2778: result: /usr/bin/install -c
configure:2789: checking whether build environment is sane
configure:2844: result: yes
configure:2995: checking for a thread-safe mkdir -p
configure:3034: result: /usr/bin/mkdir -p
configure:3041: checking for gawk
configure:3057: found /usr/bin/gawk
configure:3068: result: gawk
configure:3079: checking whether make sets $(MAKE)
configure:3101: result: yes
configure:3130: checking whether make supports nested variables
configure:3147: result: yes
configure:3307: checking for cppunit-config
configure:3338: result: no
configure:3348: checking for Cppunit - version >= 1.12.1
configure:3352: result: no
configure:3451: checking build system type
configure:3465: result: x86_64-pc-linux-gnu
configure:3485: checking host system type
configure:3498: result: x86_64-pc-linux-gnu
configure:3539: checking how to print strings
configure:3566: result: printf
configure:3591: checking whether make supports the include directive
configure:3606: make -f confmf.GNU && cat confinc.out
this is the am__doit target
configure:3609: $? = 0
configure:3628: result: yes (GNU style)
configure:3698: checking for gcc
configure:3714: found /usr/bin/gcc
configure:3725: result: gcc
configure:3954: checking for C compiler version
configure:3963: gcc --version >&5
gcc (GCC) 8.3.1 20190223 (Red Hat 8.3.1-2)
Copyright (C) 2018 Free Software Foundation, Inc.
This is free software; see the source for copying conditions.  There is NO
warranty; not even for MERCHANTABILITY or FITNESS FOR A PARTICULAR PURPOSE.

configure:3974: $? = 0
configure:3963: gcc -v >&5
Using built-in specs.
COLLECT_GCC=gcc
COLLECT_LTO_WRAPPER=/usr/libexec/gcc/x86_64-redhat-linux/8/lto-wrapper
OFFLOAD_TARGET_NAMES=nvptx-none
OFFLOAD_TARGET_DEFAULT=1
Target: x86_64-redhat-linux
Configured with: ../configure --enable-bootstrap --enable-languages=c,c++,fortran,objc,obj-c++,ada,go,lto --prefix=/usr --mandir=/usr/share/man --infodir=/usr/share/info --with-bugurl=http://bugzilla.redhat.com/bugzilla --enable-shared --enable-threads=posix --enable-checking=release --enable-multilib --with-system-zlib --enable-__cxa_atexit --disable-libunwind-exceptions --enable-gnu-unique-object --enable-linker-build-id --with-gcc-major-version-only --with-linker-hash-style=gnu --enable-plugin --enable-initfini-array --with-isl --enable-libmpx --enable-offload-targets=nvptx-none --without-cuda-driver --enable-gnu-indirect-function --enable-cet --with-tune=generic --with-arch_32=i686 --build=x86_64-redhat-linux
Thread model: posix
gcc version 8.3.1 20190223 (Red Hat 8.3.1-2) (GCC) 
configure:3974: $? = 0
configure:3963: gcc -V >&5
gcc: error: unrecognized command line option '-V'
gcc: fatal error: no input files
compilation terminated.
configure:3974: $? = 1
configure:3963: gcc -qversion >&5
gcc: error: unrecognized command line option '-qversion'; did you mean '--version'?
gcc: fatal error: no input files
compilation terminated.
configure:3974: $? = 1
configure:3994: checking whether the C compiler works
configure:4016: gcc    conftest.c  >&5
configure:4020: $? = 0
configure:4068: result: yes
configure:4071: checking for C compiler default output file name
configure:4073: result: a.out
configure:4079: checking for suffix of executables
configure:4086: gcc -o conftest    conftest.c  >&5
configure:4090: $? = 0
configure:4112: result: 
configure:4134: checking whether we are cross compiling
configure:4142: gcc -o conftest    conftest.c  >&5
configure:4146: $? = 0
configure:4153: ./conftest
configure:4157: $? = 0
configure:4172: result: no
configure:4177: checking for suffix of object files
configure:4199: gcc -c   conftest.c >&5
configure:4203: $? = 0
configure:4224: result: o
configure:4228: checking whether we are using the GNU C compiler
configure:4247: gcc -c   conftest.c >&5
configure:4247: $? = 0
configure:4256: result: yes
configure:4265: checking whether gcc accepts -g
configure:4285: gcc -c -g  conftest.c >&5
configure:4285: $? = 0
configure:4326: result: yes
configure:4343: checking for gcc option to accept ISO C89
configure:4406: gcc  -c -g -O2  conftest.c >&5
configure:4406: $? = 0
configure:4419: result: none needed
configure:4444: checking whether gcc understands -c and -o together
configure:4466: gcc -c conftest.c -o conftest2.o
configure:4469: $? = 0
configure:4466: gcc -c conftest.c -o conftest2.o
configure:4469: $? = 0
configure:4481: result: yes
configure:4500: checking dependency style of gcc
configure:4611: result: gcc3
configure:4626: checking for a sed that does not truncate output
configure:4690: result: /usr/bin/sed
configure:4708: checking for grep that handles long lines and -e
configure:4766: result: /usr/bin/grep
configure:4771: checking for egrep
configure:4833: result: /usr/bin/grep -E
configure:4838: checking for fgrep
configure:4900: result: /usr/bin/grep -F
configure:4935: checking for ld used by gcc
configure:5002: result: /usr/bin/ld
configure:5009: checking if the linker (/usr/bin/ld) is GNU ld
configure:5024: result: yes
configure:5036: checking for BSD- or MS-compatible name lister (nm)
configure:5090: result: /usr/bin/nm -B
configure:5220: checking the name lister (/usr/bin/nm -B) interface
configure:5227: gcc -c -g -O2  conftest.c >&5
configure:5230: /usr/bin/nm -B "conftest.o"
configure:5233: output
0000000000000000 B some_variable
configure:5240: result: BSD nm
configure:5243: checking whether ln -s works
configure:5247: result: yes
configure:5255: checking the maximum length of command line arguments
configure:5386: result: 1572864
configure:5434: checking how to convert x86_64-pc-linux-gnu file names to x86_64-pc-linux-gnu format
configure:5474: result: func_convert_file_noop
configure:5481: checking how to convert x86_64-pc-linux-gnu file names to toolchain format
configure:5501: result: func_convert_file_noop
configure:5508: checking for /usr/bin/ld option to reload object files
configure:5515: result: -r
configure:5589: checking for objdump
configure:5605: found /usr/bin/objdump
configure:5616: result: objdump
configure:5648: checking how to recognize dependent libraries
configure:5848: result: pass_all
configure:5933: checking for dlltool
configure:5963: result: no
configure:5993: checking how to associate runtime and link libraries
configure:6020: result: printf %s\n
configure:6081: checking for ar
configure:6097: found /usr/bin/ar
configure:6108: result: ar
configure:6145: checking for archiver @FILE support
configure:6162: gcc -c -g -O2  conftest.c >&5
configure:6162: $? = 0
configure:6165: ar cru libconftest.a @conftest.lst >&5
configure:6168: $? = 0
configure:6173: ar cru libconftest.a @conftest.lst >&5
ar: conftest.o: No such file or directory
configure:6176: $? = 1
configure:6188: result: @
configure:6246: checking for strip
configure:6262: found /usr/bin/strip
configure:6273: result: strip
configure:6345: checking for ranlib
configure:6361: found /usr/bin/ranlib
configure:6372: result: ranlib
configure:6474: checking command to parse /usr/bin/nm -B output from gcc object
configure:6627: gcc -c -g -O2  conftest.c >&5
configure:6630: $? = 0
configure:6634: /usr/bin/nm -B conftest.o \| sed -n -e 's/^.*[ ]\([ABCDGIRSTW][ABCDGIRSTW]*\)[ ][ ]*\([_A-Za-z][_A-Za-z0-9]*\)$/\1 \2 \2/p' | sed '/ __gnu_lto/d' \> conftest.nm
configure:6637: $? = 0
configure:6703: gcc -o conftest -g -O2   conftest.c conftstm.o >&5
configure:6706: $? = 0
configure:6744: result: ok
configure:6791: checking for sysroot
configure:6821: result: no
configure:6828: checking for a working dd
configure:6866: result: /usr/bin/dd
configure:6870: checking how to truncate binary pipes
configure:6885: result: /usr/bin/dd bs=4096 count=1
configure:7021: gcc -c -g -O2  conftest.c >&5
configure:7024: $? = 0
configure:7214: checking for mt
configure:7244: result: no
configure:7264: checking if : is a manifest tool
configure:7270: : '-?'
configure:7278: result: no
configure:7955: checking how to run the C preprocessor
configure:7986: gcc -E  conftest.c
configure:7986: $? = 0
configure:8000: gcc -E  conftest.c
conftest.c:11:10: fatal error: ac_nonexistent.h: No such file or directory
 #include <ac_nonexistent.h>
          ^~~~~~~~~~~~~~~~~~
compilation terminated.
configure:8000: $? = 1
configure: failed program was:
| /* confdefs.h */
| #define PACKAGE_NAME "sleuthkit"
| #define PACKAGE_TARNAME "sleuthkit"
| #define PACKAGE_VERSION "4.6.6"
| #define PACKAGE_STRING "sleuthkit 4.6.6"
| #define PACKAGE_BUGREPORT ""
| #define PACKAGE_URL ""
| #define PACKAGE "sleuthkit"
| #define VERSION "4.6.6"
| /* end confdefs.h.  */
| #include <ac_nonexistent.h>
configure:8025: result: gcc -E
configure:8045: gcc -E  conftest.c
configure:8045: $? = 0
configure:8059: gcc -E  conftest.c
conftest.c:11:10: fatal error: ac_nonexistent.h: No such file or directory
 #include <ac_nonexistent.h>
          ^~~~~~~~~~~~~~~~~~
compilation terminated.
configure:8059: $? = 1
configure: failed program was:
| /* confdefs.h */
| #define PACKAGE_NAME "sleuthkit"
| #define PACKAGE_TARNAME "sleuthkit"
| #define PACKAGE_VERSION "4.6.6"
| #define PACKAGE_STRING "sleuthkit 4.6.6"
| #define PACKAGE_BUGREPORT ""
| #define PACKAGE_URL ""
| #define PACKAGE "sleuthkit"
| #define VERSION "4.6.6"
| /* end confdefs.h.  */
| #include <ac_nonexistent.h>
configure:8088: checking for ANSI C header files
configure:8108: gcc -c -g -O2  conftest.c >&5
configure:8108: $? = 0
configure:8181: gcc -o conftest -g -O2   conftest.c  >&5
configure:8181: $? = 0
configure:8181: ./conftest
configure:8181: $? = 0
configure:8192: result: yes
configure:8205: checking for sys/types.h
configure:8205: gcc -c -g -O2  conftest.c >&5
configure:8205: $? = 0
configure:8205: result: yes
configure:8205: checking for sys/stat.h
configure:8205: gcc -c -g -O2  conftest.c >&5
configure:8205: $? = 0
configure:8205: result: yes
configure:8205: checking for stdlib.h
configure:8205: gcc -c -g -O2  conftest.c >&5
configure:8205: $? = 0
configure:8205: result: yes
configure:8205: checking for string.h
configure:8205: gcc -c -g -O2  conftest.c >&5
configure:8205: $? = 0
configure:8205: result: yes
configure:8205: checking for memory.h
configure:8205: gcc -c -g -O2  conftest.c >&5
configure:8205: $? = 0
configure:8205: result: yes
configure:8205: checking for strings.h
configure:8205: gcc -c -g -O2  conftest.c >&5
configure:8205: $? = 0
configure:8205: result: yes
configure:8205: checking for inttypes.h
configure:8205: gcc -c -g -O2  conftest.c >&5
configure:8205: $? = 0
configure:8205: result: yes
configure:8205: checking for stdint.h
configure:8205: gcc -c -g -O2  conftest.c >&5
configure:8205: $? = 0
configure:8205: result: yes
configure:8205: checking for unistd.h
configure:8205: gcc -c -g -O2  conftest.c >&5
configure:8205: $? = 0
configure:8205: result: yes
configure:8219: checking for dlfcn.h
configure:8219: gcc -c -g -O2  conftest.c >&5
configure:8219: $? = 0
configure:8219: result: yes
configure:8475: checking for objdir
configure:8490: result: .libs
configure:8750: checking if gcc supports -fno-rtti -fno-exceptions
configure:8768: gcc -c -g -O2  -fno-rtti -fno-exceptions conftest.c >&5
cc1: warning: command line option '-fno-rtti' is valid for C++/ObjC++ but not for C
configure:8772: $? = 0
configure:8785: result: no
configure:9143: checking for gcc option to produce PIC
configure:9150: result: -fPIC -DPIC
configure:9158: checking if gcc PIC flag -fPIC -DPIC works
configure:9176: gcc -c -g -O2  -fPIC -DPIC -DPIC conftest.c >&5
configure:9180: $? = 0
configure:9193: result: yes
configure:9222: checking if gcc static flag -static works
configure:9250: result: no
configure:9265: checking if gcc supports -c -o file.o
configure:9286: gcc -c -g -O2  -o out/conftest2.o conftest.c >&5
configure:9290: $? = 0
configure:9312: result: yes
configure:9320: checking if gcc supports -c -o file.o
configure:9367: result: yes
configure:9400: checking whether the gcc linker (/usr/bin/ld -m elf_x86_64) supports shared libraries
configure:10659: result: yes
configure:10696: checking whether -lc should be explicitly linked in
configure:10704: gcc -c -g -O2  conftest.c >&5
configure:10707: $? = 0
configure:10722: gcc -shared  -fPIC -DPIC conftest.o  -v -Wl,-soname -Wl,conftest -o conftest 2\>\&1 \| /usr/bin/grep  -lc  \>/dev/null 2\>\&1
configure:10725: $? = 0
configure:10739: result: no
configure:10899: checking dynamic linker characteristics
configure:11480: gcc -o conftest -g -O2   -Wl,-rpath -Wl,/foo conftest.c  >&5
configure:11480: $? = 0
configure:11720: result: GNU/Linux ld.so
configure:11842: checking how to hardcode library paths into programs
configure:11867: result: immediate
configure:12415: checking whether stripping libraries is possible
configure:12420: result: yes
configure:12455: checking if libtool supports shared libraries
configure:12457: result: yes
configure:12460: checking whether to build shared libraries
configure:12485: result: yes
configure:12488: checking whether to build static libraries
configure:12492: result: yes
configure:12530: checking whether to enable maintainer-specific portions of Makefiles
configure:12539: result: no
configure:12612: checking for g++
configure:12628: found /usr/bin/g++
configure:12639: result: g++
configure:12666: checking for C++ compiler version
configure:12675: g++ --version >&5
g++ (GCC) 8.3.1 20190223 (Red Hat 8.3.1-2)
Copyright (C) 2018 Free Software Foundation, Inc.
This is free software; see the source for copying conditions.  There is NO
warranty; not even for MERCHANTABILITY or FITNESS FOR A PARTICULAR PURPOSE.

configure:12686: $? = 0
configure:12675: g++ -v >&5
Using built-in specs.
COLLECT_GCC=g++
COLLECT_LTO_WRAPPER=/usr/libexec/gcc/x86_64-redhat-linux/8/lto-wrapper
OFFLOAD_TARGET_NAMES=nvptx-none
OFFLOAD_TARGET_DEFAULT=1
Target: x86_64-redhat-linux
Configured with: ../configure --enable-bootstrap --enable-languages=c,c++,fortran,objc,obj-c++,ada,go,lto --prefix=/usr --mandir=/usr/share/man --infodir=/usr/share/info --with-bugurl=http://bugzilla.redhat.com/bugzilla --enable-shared --enable-threads=posix --enable-checking=release --enable-multilib --with-system-zlib --enable-__cxa_atexit --disable-libunwind-exceptions --enable-gnu-unique-object --enable-linker-build-id --with-gcc-major-version-only --with-linker-hash-style=gnu --enable-plugin --enable-initfini-array --with-isl --enable-libmpx --enable-offload-targets=nvptx-none --without-cuda-driver --enable-gnu-indirect-function --enable-cet --with-tune=generic --with-arch_32=i686 --build=x86_64-redhat-linux
Thread model: posix
gcc version 8.3.1 20190223 (Red Hat 8.3.1-2) (GCC) 
configure:12686: $? = 0
configure:12675: g++ -V >&5
g++: error: unrecognized command line option '-V'
g++: fatal error: no input files
compilation terminated.
configure:12686: $? = 1
configure:12675: g++ -qversion >&5
g++: error: unrecognized command line option '-qversion'; did you mean '--version'?
g++: fatal error: no input files
compilation terminated.
configure:12686: $? = 1
configure:12690: checking whether we are using the GNU C++ compiler
configure:12709: g++ -c   conftest.cpp >&5
configure:12709: $? = 0
configure:12718: result: yes
configure:12727: checking whether g++ accepts -g
configure:12747: g++ -c -g  conftest.cpp >&5
configure:12747: $? = 0
configure:12788: result: yes
configure:12813: checking dependency style of g++
configure:12924: result: gcc3
configure:12957: checking how to run the C++ preprocessor
configure:12984: g++ -E  conftest.cpp
configure:12984: $? = 0
configure:12998: g++ -E  conftest.cpp
conftest.cpp:23:10: fatal error: ac_nonexistent.h: No such file or directory
 #include <ac_nonexistent.h>
          ^~~~~~~~~~~~~~~~~~
compilation terminated.
configure:12998: $? = 1
configure: failed program was:
| /* confdefs.h */
| #define PACKAGE_NAME "sleuthkit"
| #define PACKAGE_TARNAME "sleuthkit"
| #define PACKAGE_VERSION "4.6.6"
| #define PACKAGE_STRING "sleuthkit 4.6.6"
| #define PACKAGE_BUGREPORT ""
| #define PACKAGE_URL ""
| #define PACKAGE "sleuthkit"
| #define VERSION "4.6.6"
| #define STDC_HEADERS 1
| #define HAVE_SYS_TYPES_H 1
| #define HAVE_SYS_STAT_H 1
| #define HAVE_STDLIB_H 1
| #define HAVE_STRING_H 1
| #define HAVE_MEMORY_H 1
| #define HAVE_STRINGS_H 1
| #define HAVE_INTTYPES_H 1
| #define HAVE_STDINT_H 1
| #define HAVE_UNISTD_H 1
| #define HAVE_DLFCN_H 1
| #define LT_OBJDIR ".libs/"
| /* end confdefs.h.  */
| #include <ac_nonexistent.h>
configure:13023: result: g++ -E
configure:13043: g++ -E  conftest.cpp
configure:13043: $? = 0
configure:13057: g++ -E  conftest.cpp
conftest.cpp:23:10: fatal error: ac_nonexistent.h: No such file or directory
 #include <ac_nonexistent.h>
          ^~~~~~~~~~~~~~~~~~
compilation terminated.
configure:13057: $? = 1
configure: failed program was:
| /* confdefs.h */
| #define PACKAGE_NAME "sleuthkit"
| #define PACKAGE_TARNAME "sleuthkit"
| #define PACKAGE_VERSION "4.6.6"
| #define PACKAGE_STRING "sleuthkit 4.6.6"
| #define PACKAGE_BUGREPORT ""
| #define PACKAGE_URL ""
| #define PACKAGE "sleuthkit"
| #define VERSION "4.6.6"
| #define STDC_HEADERS 1
| #define HAVE_SYS_TYPES_H 1
| #define HAVE_SYS_STAT_H 1
| #define HAVE_STDLIB_H 1
| #define HAVE_STRING_H 1
| #define HAVE_MEMORY_H 1
| #define HAVE_STRINGS_H 1
| #define HAVE_INTTYPES_H 1
| #define HAVE_STDINT_H 1
| #define HAVE_UNISTD_H 1
| #define HAVE_DLFCN_H 1
| #define LT_OBJDIR ".libs/"
| /* end confdefs.h.  */
| #include <ac_nonexistent.h>
configure:13219: checking for ld used by g++
configure:13286: result: /usr/bin/ld -m elf_x86_64
configure:13293: checking if the linker (/usr/bin/ld -m elf_x86_64) is GNU ld
configure:13308: result: yes
configure:13363: checking whether the g++ linker (/usr/bin/ld -m elf_x86_64) supports shared libraries
configure:14436: result: yes
configure:14472: g++ -c -g -O2  conftest.cpp >&5
configure:14475: $? = 0
configure:14956: checking for g++ option to produce PIC
configure:14963: result: -fPIC -DPIC
configure:14971: checking if g++ PIC flag -fPIC -DPIC works
configure:14989: g++ -c -g -O2  -fPIC -DPIC -DPIC conftest.cpp >&5
configure:14993: $? = 0
configure:15006: result: yes
configure:15029: checking if g++ static flag -static works
configure:15057: result: no
configure:15069: checking if g++ supports -c -o file.o
configure:15090: g++ -c -g -O2  -o out/conftest2.o conftest.cpp >&5
configure:15094: $? = 0
configure:15116: result: yes
configure:15121: checking if g++ supports -c -o file.o
configure:15168: result: yes
configure:15198: checking whether the g++ linker (/usr/bin/ld -m elf_x86_64) supports shared libraries
configure:15238: result: yes
configure:15379: checking dynamic linker characteristics
configure:16127: result: GNU/Linux ld.so
configure:16192: checking how to hardcode library paths into programs
configure:16217: result: immediate
configure:16305: checking for gcc
configure:16332: result: gcc
configure:16561: checking for C compiler version
configure:16570: gcc --version >&5
gcc (GCC) 8.3.1 20190223 (Red Hat 8.3.1-2)
Copyright (C) 2018 Free Software Foundation, Inc.
This is free software; see the source for copying conditions.  There is NO
warranty; not even for MERCHANTABILITY or FITNESS FOR A PARTICULAR PURPOSE.

configure:16581: $? = 0
configure:16570: gcc -v >&5
Using built-in specs.
COLLECT_GCC=gcc
COLLECT_LTO_WRAPPER=/usr/libexec/gcc/x86_64-redhat-linux/8/lto-wrapper
OFFLOAD_TARGET_NAMES=nvptx-none
OFFLOAD_TARGET_DEFAULT=1
Target: x86_64-redhat-linux
Configured with: ../configure --enable-bootstrap --enable-languages=c,c++,fortran,objc,obj-c++,ada,go,lto --prefix=/usr --mandir=/usr/share/man --infodir=/usr/share/info --with-bugurl=http://bugzilla.redhat.com/bugzilla --enable-shared --enable-threads=posix --enable-checking=release --enable-multilib --with-system-zlib --enable-__cxa_atexit --disable-libunwind-exceptions --enable-gnu-unique-object --enable-linker-build-id --with-gcc-major-version-only --with-linker-hash-style=gnu --enable-plugin --enable-initfini-array --with-isl --enable-libmpx --enable-offload-targets=nvptx-none --without-cuda-driver --enable-gnu-indirect-function --enable-cet --with-tune=generic --with-arch_32=i686 --build=x86_64-redhat-linux
Thread model: posix
gcc version 8.3.1 20190223 (Red Hat 8.3.1-2) (GCC) 
configure:16581: $? = 0
configure:16570: gcc -V >&5
gcc: error: unrecognized command line option '-V'
gcc: fatal error: no input files
compilation terminated.
configure:16581: $? = 1
configure:16570: gcc -qversion >&5
gcc: error: unrecognized command line option '-qversion'; did you mean '--version'?
gcc: fatal error: no input files
compilation terminated.
configure:16581: $? = 1
configure:16585: checking whether we are using the GNU C compiler
configure:16613: result: yes
configure:16622: checking whether gcc accepts -g
configure:16683: result: yes
configure:16700: checking for gcc option to accept ISO C89
configure:16776: result: none needed
configure:16801: checking whether gcc understands -c and -o together
configure:16838: result: yes
configure:16857: checking dependency style of gcc
configure:16968: result: gcc3
configure:16988: checking how to run the C preprocessor
configure:17058: result: gcc -E
configure:17078: gcc -E  conftest.c
configure:17078: $? = 0
configure:17092: gcc -E  conftest.c
conftest.c:23:10: fatal error: ac_nonexistent.h: No such file or directory
 #include <ac_nonexistent.h>
          ^~~~~~~~~~~~~~~~~~
compilation terminated.
configure:17092: $? = 1
configure: failed program was:
| /* confdefs.h */
| #define PACKAGE_NAME "sleuthkit"
| #define PACKAGE_TARNAME "sleuthkit"
| #define PACKAGE_VERSION "4.6.6"
| #define PACKAGE_STRING "sleuthkit 4.6.6"
| #define PACKAGE_BUGREPORT ""
| #define PACKAGE_URL ""
| #define PACKAGE "sleuthkit"
| #define VERSION "4.6.6"
| #define STDC_HEADERS 1
| #define HAVE_SYS_TYPES_H 1
| #define HAVE_SYS_STAT_H 1
| #define HAVE_STDLIB_H 1
| #define HAVE_STRING_H 1
| #define HAVE_MEMORY_H 1
| #define HAVE_STRINGS_H 1
| #define HAVE_INTTYPES_H 1
| #define HAVE_STDINT_H 1
| #define HAVE_UNISTD_H 1
| #define HAVE_DLFCN_H 1
| #define LT_OBJDIR ".libs/"
| /* end confdefs.h.  */
| #include <ac_nonexistent.h>
configure:17121: checking whether ln -s works
configure:17125: result: yes
configure:17132: checking whether make sets $(MAKE)
configure:17154: result: yes
configure:17165: checking for perl
configure:17183: found /usr/bin/perl
configure:17195: result: /usr/bin/perl
configure:17204: checking for ANSI C header files
configure:17308: result: yes
configure:17319: checking err.h usability
configure:17319: gcc -c -g -O2  conftest.c >&5
configure:17319: $? = 0
configure:17319: result: yes
configure:17319: checking err.h presence
configure:17319: gcc -E  conftest.c
configure:17319: $? = 0
configure:17319: result: yes
configure:17319: checking for err.h
configure:17319: result: yes
configure:17319: checking for inttypes.h
configure:17319: result: yes
configure:17319: checking for unistd.h
configure:17319: result: yes
configure:17319: checking for stdint.h
configure:17319: result: yes
configure:17319: checking sys/param.h usability
configure:17319: gcc -c -g -O2  conftest.c >&5
configure:17319: $? = 0
configure:17319: result: yes
configure:17319: checking sys/param.h presence
configure:17319: gcc -E  conftest.c
configure:17319: $? = 0
configure:17319: result: yes
configure:17319: checking for sys/param.h
configure:17319: result: yes
configure:17319: checking sys/resource.h usability
configure:17319: gcc -c -g -O2  conftest.c >&5
configure:17319: $? = 0
configure:17319: result: yes
configure:17319: checking sys/resource.h presence
configure:17319: gcc -E  conftest.c
configure:17319: $? = 0
configure:17319: result: yes
configure:17319: checking for sys/resource.h
configure:17319: result: yes
configure:17330: checking for stdbool.h that conforms to C99
configure:17397: gcc -c -g -O2  conftest.c >&5
configure:17397: $? = 0
configure:17404: result: yes
configure:17406: checking for _Bool
configure:17406: gcc -c -g -O2  conftest.c >&5
configure:17406: $? = 0
configure:17406: gcc -c -g -O2  conftest.c >&5
conftest.c: In function 'main':
conftest.c:66:20: error: expected expression before ')' token
 if (sizeof ((_Bool)))
                    ^
configure:17406: $? = 1
configure: failed program was:
| /* confdefs.h */
| #define PACKAGE_NAME "sleuthkit"
| #define PACKAGE_TARNAME "sleuthkit"
| #define PACKAGE_VERSION "4.6.6"
| #define PACKAGE_STRING "sleuthkit 4.6.6"
| #define PACKAGE_BUGREPORT ""
| #define PACKAGE_URL ""
| #define PACKAGE "sleuthkit"
| #define VERSION "4.6.6"
| #define STDC_HEADERS 1
| #define HAVE_SYS_TYPES_H 1
| #define HAVE_SYS_STAT_H 1
| #define HAVE_STDLIB_H 1
| #define HAVE_STRING_H 1
| #define HAVE_MEMORY_H 1
| #define HAVE_STRINGS_H 1
| #define HAVE_INTTYPES_H 1
| #define HAVE_STDINT_H 1
| #define HAVE_UNISTD_H 1
| #define HAVE_DLFCN_H 1
| #define LT_OBJDIR ".libs/"
| #define STDC_HEADERS 1
| #define HAVE_ERR_H 1
| #define HAVE_INTTYPES_H 1
| #define HAVE_UNISTD_H 1
| #define HAVE_STDINT_H 1
| #define HAVE_SYS_PARAM_H 1
| #define HAVE_SYS_RESOURCE_H 1
| /* end confdefs.h.  */
| #include <stdio.h>
| #ifdef HAVE_SYS_TYPES_H
| # include <sys/types.h>
| #endif
| #ifdef HAVE_SYS_STAT_H
| # include <sys/stat.h>
| #endif
| #ifdef STDC_HEADERS
| # include <stdlib.h>
| # include <stddef.h>
| #else
| # ifdef HAVE_STDLIB_H
| #  include <stdlib.h>
| # endif
| #endif
| #ifdef HAVE_STRING_H
| # if !defined STDC_HEADERS && defined HAVE_MEMORY_H
| #  include <memory.h>
| # endif
| # include <string.h>
| #endif
| #ifdef HAVE_STRINGS_H
| # include <strings.h>
| #endif
| #ifdef HAVE_INTTYPES_H
| # include <inttypes.h>
| #endif
| #ifdef HAVE_STDINT_H
| # include <stdint.h>
| #endif
| #ifdef HAVE_UNISTD_H
| # include <unistd.h>
| #endif
| int
| main ()
| {
| if (sizeof ((_Bool)))
| 	    return 0;
|   ;
|   return 0;
| }
configure:17406: result: yes
configure:17423: checking for an ANSI C-conforming const
configure:17489: gcc -c -g -O2  conftest.c >&5
configure:17489: $? = 0
configure:17496: result: yes
configure:17504: checking for uid_t in sys/types.h
configure:17523: result: yes
configure:17534: checking for mode_t
configure:17534: gcc -c -g -O2  conftest.c >&5
configure:17534: $? = 0
configure:17534: gcc -c -g -O2  conftest.c >&5
conftest.c: In function 'main':
conftest.c:68:21: error: expected expression before ')' token
 if (sizeof ((mode_t)))
                     ^
configure:17534: $? = 1
configure: failed program was:
| /* confdefs.h */
| #define PACKAGE_NAME "sleuthkit"
| #define PACKAGE_TARNAME "sleuthkit"
| #define PACKAGE_VERSION "4.6.6"
| #define PACKAGE_STRING "sleuthkit 4.6.6"
| #define PACKAGE_BUGREPORT ""
| #define PACKAGE_URL ""
| #define PACKAGE "sleuthkit"
| #define VERSION "4.6.6"
| #define STDC_HEADERS 1
| #define HAVE_SYS_TYPES_H 1
| #define HAVE_SYS_STAT_H 1
| #define HAVE_STDLIB_H 1
| #define HAVE_STRING_H 1
| #define HAVE_MEMORY_H 1
| #define HAVE_STRINGS_H 1
| #define HAVE_INTTYPES_H 1
| #define HAVE_STDINT_H 1
| #define HAVE_UNISTD_H 1
| #define HAVE_DLFCN_H 1
| #define LT_OBJDIR ".libs/"
| #define STDC_HEADERS 1
| #define HAVE_ERR_H 1
| #define HAVE_INTTYPES_H 1
| #define HAVE_UNISTD_H 1
| #define HAVE_STDINT_H 1
| #define HAVE_SYS_PARAM_H 1
| #define HAVE_SYS_RESOURCE_H 1
| #define HAVE__BOOL 1
| #define HAVE_STDBOOL_H 1
| /* end confdefs.h.  */
| #include <stdio.h>
| #ifdef HAVE_SYS_TYPES_H
| # include <sys/types.h>
| #endif
| #ifdef HAVE_SYS_STAT_H
| # include <sys/stat.h>
| #endif
| #ifdef STDC_HEADERS
| # include <stdlib.h>
| # include <stddef.h>
| #else
| # ifdef HAVE_STDLIB_H
| #  include <stdlib.h>
| # endif
| #endif
| #ifdef HAVE_STRING_H
| # if !defined STDC_HEADERS && defined HAVE_MEMORY_H
| #  include <memory.h>
| # endif
| # include <string.h>
| #endif
| #ifdef HAVE_STRINGS_H
| # include <strings.h>
| #endif
| #ifdef HAVE_INTTYPES_H
| # include <inttypes.h>
| #endif
| #ifdef HAVE_STDINT_H
| # include <stdint.h>
| #endif
| #ifdef HAVE_UNISTD_H
| # include <unistd.h>
| #endif
| int
| main ()
| {
| if (sizeof ((mode_t)))
| 	    return 0;
|   ;
|   return 0;
| }
configure:17534: result: yes
configure:17545: checking for off_t
configure:17545: gcc -c -g -O2  conftest.c >&5
configure:17545: $? = 0
configure:17545: gcc -c -g -O2  conftest.c >&5
conftest.c: In function 'main':
conftest.c:68:20: error: expected expression before ')' token
 if (sizeof ((off_t)))
                    ^
configure:17545: $? = 1
configure: failed program was:
| /* confdefs.h */
| #define PACKAGE_NAME "sleuthkit"
| #define PACKAGE_TARNAME "sleuthkit"
| #define PACKAGE_VERSION "4.6.6"
| #define PACKAGE_STRING "sleuthkit 4.6.6"
| #define PACKAGE_BUGREPORT ""
| #define PACKAGE_URL ""
| #define PACKAGE "sleuthkit"
| #define VERSION "4.6.6"
| #define STDC_HEADERS 1
| #define HAVE_SYS_TYPES_H 1
| #define HAVE_SYS_STAT_H 1
| #define HAVE_STDLIB_H 1
| #define HAVE_STRING_H 1
| #define HAVE_MEMORY_H 1
| #define HAVE_STRINGS_H 1
| #define HAVE_INTTYPES_H 1
| #define HAVE_STDINT_H 1
| #define HAVE_UNISTD_H 1
| #define HAVE_DLFCN_H 1
| #define LT_OBJDIR ".libs/"
| #define STDC_HEADERS 1
| #define HAVE_ERR_H 1
| #define HAVE_INTTYPES_H 1
| #define HAVE_UNISTD_H 1
| #define HAVE_STDINT_H 1
| #define HAVE_SYS_PARAM_H 1
| #define HAVE_SYS_RESOURCE_H 1
| #define HAVE__BOOL 1
| #define HAVE_STDBOOL_H 1
| /* end confdefs.h.  */
| #include <stdio.h>
| #ifdef HAVE_SYS_TYPES_H
| # include <sys/types.h>
| #endif
| #ifdef HAVE_SYS_STAT_H
| # include <sys/stat.h>
| #endif
| #ifdef STDC_HEADERS
| # include <stdlib.h>
| # include <stddef.h>
| #else
| # ifdef HAVE_STDLIB_H
| #  include <stdlib.h>
| # endif
| #endif
| #ifdef HAVE_STRING_H
| # if !defined STDC_HEADERS && defined HAVE_MEMORY_H
| #  include <memory.h>
| # endif
| # include <string.h>
| #endif
| #ifdef HAVE_STRINGS_H
| # include <strings.h>
| #endif
| #ifdef HAVE_INTTYPES_H
| # include <inttypes.h>
| #endif
| #ifdef HAVE_STDINT_H
| # include <stdint.h>
| #endif
| #ifdef HAVE_UNISTD_H
| # include <unistd.h>
| #endif
| int
| main ()
| {
| if (sizeof ((off_t)))
| 	    return 0;
|   ;
|   return 0;
| }
configure:17545: result: yes
configure:17556: checking for size_t
configure:17556: gcc -c -g -O2  conftest.c >&5
configure:17556: $? = 0
configure:17556: gcc -c -g -O2  conftest.c >&5
conftest.c: In function 'main':
conftest.c:68:21: error: expected expression before ')' token
 if (sizeof ((size_t)))
                     ^
configure:17556: $? = 1
configure: failed program was:
| /* confdefs.h */
| #define PACKAGE_NAME "sleuthkit"
| #define PACKAGE_TARNAME "sleuthkit"
| #define PACKAGE_VERSION "4.6.6"
| #define PACKAGE_STRING "sleuthkit 4.6.6"
| #define PACKAGE_BUGREPORT ""
| #define PACKAGE_URL ""
| #define PACKAGE "sleuthkit"
| #define VERSION "4.6.6"
| #define STDC_HEADERS 1
| #define HAVE_SYS_TYPES_H 1
| #define HAVE_SYS_STAT_H 1
| #define HAVE_STDLIB_H 1
| #define HAVE_STRING_H 1
| #define HAVE_MEMORY_H 1
| #define HAVE_STRINGS_H 1
| #define HAVE_INTTYPES_H 1
| #define HAVE_STDINT_H 1
| #define HAVE_UNISTD_H 1
| #define HAVE_DLFCN_H 1
| #define LT_OBJDIR ".libs/"
| #define STDC_HEADERS 1
| #define HAVE_ERR_H 1
| #define HAVE_INTTYPES_H 1
| #define HAVE_UNISTD_H 1
| #define HAVE_STDINT_H 1
| #define HAVE_SYS_PARAM_H 1
| #define HAVE_SYS_RESOURCE_H 1
| #define HAVE__BOOL 1
| #define HAVE_STDBOOL_H 1
| /* end confdefs.h.  */
| #include <stdio.h>
| #ifdef HAVE_SYS_TYPES_H
| # include <sys/types.h>
| #endif
| #ifdef HAVE_SYS_STAT_H
| # include <sys/stat.h>
| #endif
| #ifdef STDC_HEADERS
| # include <stdlib.h>
| # include <stddef.h>
| #else
| # ifdef HAVE_STDLIB_H
| #  include <stdlib.h>
| # endif
| #endif
| #ifdef HAVE_STRING_H
| # if !defined STDC_HEADERS && defined HAVE_MEMORY_H
| #  include <memory.h>
| # endif
| # include <string.h>
| #endif
| #ifdef HAVE_STRINGS_H
| # include <strings.h>
| #endif
| #ifdef HAVE_INTTYPES_H
| # include <inttypes.h>
| #endif
| #ifdef HAVE_STDINT_H
| # include <stdint.h>
| #endif
| #ifdef HAVE_UNISTD_H
| # include <unistd.h>
| #endif
| int
| main ()
| {
| if (sizeof ((size_t)))
| 	    return 0;
|   ;
|   return 0;
| }
configure:17556: result: yes
configure:17575: checking for special C compiler options needed for large files
configure:17620: result: no
configure:17626: checking for _FILE_OFFSET_BITS value needed for large files
configure:17651: gcc -c -g -O2  conftest.c >&5
configure:17651: $? = 0
configure:17683: result: no
configure:17771: checking for working alloca.h
configure:17788: gcc -o conftest -g -O2   conftest.c  >&5
configure:17788: $? = 0
configure:17796: result: yes
configure:17804: checking for alloca
configure:17841: gcc -o conftest -g -O2   conftest.c  >&5
configure:17841: $? = 0
configure:17849: result: yes
configure:17955: checking for error_at_line
configure:17971: gcc -o conftest -g -O2   conftest.c  >&5
configure:17971: $? = 0
configure:17979: result: yes
configure:17990: checking for _LARGEFILE_SOURCE value needed for large files
configure:18009: gcc -o conftest -g -O2   conftest.c  >&5
configure:18009: $? = 0
configure:18037: result: no
configure:18059: checking whether gcc needs -traditional
configure:18093: result: no
configure:18100: checking whether lstat correctly handles trailing slash
configure:18126: gcc -o conftest -g -O2   conftest.c  >&5
configure:18126: $? = 0
configure:18126: ./conftest
configure:18126: $? = 0
configure:18143: result: yes
configure:18162: checking whether lstat accepts an empty string
configure:18182: gcc -o conftest -g -O2   conftest.c  >&5
configure:18182: $? = 0
configure:18182: ./conftest
configure:18182: $? = 0
configure:18192: result: no
configure:18208: checking whether lstat correctly handles trailing slash
configure:18251: result: yes
configure:18273: checking sys/select.h usability
configure:18273: gcc -c -g -O2  conftest.c >&5
configure:18273: $? = 0
configure:18273: result: yes
configure:18273: checking sys/select.h presence
configure:18273: gcc -E  conftest.c
configure:18273: $? = 0
configure:18273: result: yes
configure:18273: checking for sys/select.h
configure:18273: result: yes
configure:18273: checking sys/socket.h usability
configure:18273: gcc -c -g -O2  conftest.c >&5
configure:18273: $? = 0
configure:18273: result: yes
configure:18273: checking sys/socket.h presence
configure:18273: gcc -E  conftest.c
configure:18273: $? = 0
configure:18273: result: yes
configure:18273: checking for sys/socket.h
configure:18273: result: yes
configure:18283: checking types of arguments for select
configure:18311: gcc -c -g -O2  conftest.c >&5
configure:18311: $? = 0
configure:18322: result: int,fd_set *,struct timeval *
configure:18351: checking for utime.h
configure:18351: gcc -c -g -O2  conftest.c >&5
configure:18351: $? = 0
configure:18351: result: yes
configure:18365: checking whether utime accepts a null argument
configure:18394: gcc -o conftest -g -O2   conftest.c  >&5
configure:18394: $? = 0
configure:18394: ./conftest
configure:18394: $? = 0
configure:18404: result: yes
configure:18416: checking for vprintf
configure:18416: gcc -o conftest -g -O2   conftest.c  >&5
conftest.c:67:6: warning: conflicting types for built-in function 'vprintf' [-Wbuiltin-declaration-mismatch]
 char vprintf ();
      ^~~~~~~
configure:18416: $? = 0
configure:18416: result: yes
configure:18422: checking for _doprnt
configure:18422: gcc -o conftest -g -O2   conftest.c  >&5
/usr/bin/ld: /tmp/cc0nHbd9.o: in function `main':
/home/lordyesta/Projects/pytsk/sleuthkit/conftest.c:79: undefined reference to `_doprnt'
collect2: error: ld returned 1 exit status
configure:18422: $? = 1
configure: failed program was:
| /* confdefs.h */
| #define PACKAGE_NAME "sleuthkit"
| #define PACKAGE_TARNAME "sleuthkit"
| #define PACKAGE_VERSION "4.6.6"
| #define PACKAGE_STRING "sleuthkit 4.6.6"
| #define PACKAGE_BUGREPORT ""
| #define PACKAGE_URL ""
| #define PACKAGE "sleuthkit"
| #define VERSION "4.6.6"
| #define STDC_HEADERS 1
| #define HAVE_SYS_TYPES_H 1
| #define HAVE_SYS_STAT_H 1
| #define HAVE_STDLIB_H 1
| #define HAVE_STRING_H 1
| #define HAVE_MEMORY_H 1
| #define HAVE_STRINGS_H 1
| #define HAVE_INTTYPES_H 1
| #define HAVE_STDINT_H 1
| #define HAVE_UNISTD_H 1
| #define HAVE_DLFCN_H 1
| #define LT_OBJDIR ".libs/"
| #define STDC_HEADERS 1
| #define HAVE_ERR_H 1
| #define HAVE_INTTYPES_H 1
| #define HAVE_UNISTD_H 1
| #define HAVE_STDINT_H 1
| #define HAVE_SYS_PARAM_H 1
| #define HAVE_SYS_RESOURCE_H 1
| #define HAVE__BOOL 1
| #define HAVE_STDBOOL_H 1
| #define HAVE_ALLOCA_H 1
| #define HAVE_ALLOCA 1
| #define HAVE_FSEEKO 1
| #define LSTAT_FOLLOWS_SLASHED_SYMLINK 1
| #define LSTAT_FOLLOWS_SLASHED_SYMLINK 1
| #define HAVE_SYS_SELECT_H 1
| #define HAVE_SYS_SOCKET_H 1
| #define SELECT_TYPE_ARG1 int
| #define SELECT_TYPE_ARG234 (fd_set *)
| #define SELECT_TYPE_ARG5 (struct timeval *)
| #define HAVE_UTIME_H 1
| #define HAVE_UTIME_NULL 1
| #define HAVE_VPRINTF 1
| /* end confdefs.h.  */
| /* Define _doprnt to an innocuous variant, in case <limits.h> declares _doprnt.
|    For example, HP-UX 11i <limits.h> declares gettimeofday.  */
| #define _doprnt innocuous__doprnt
| 
| /* System header to define __stub macros and hopefully few prototypes,
|     which can conflict with char _doprnt (); below.
|     Prefer <limits.h> to <assert.h> if __STDC__ is defined, since
|     <limits.h> exists even on freestanding compilers.  */
| 
| #ifdef __STDC__
| # include <limits.h>
| #else
| # include <assert.h>
| #endif
| 
| #undef _doprnt
| 
| /* Override any GCC internal prototype to avoid an error.
|    Use char because int might match the return type of a GCC
|    builtin and then its argument prototype would still apply.  */
| #ifdef __cplusplus
| extern "C"
| #endif
| char _doprnt ();
| /* The GNU C library defines this for functions which it implements
|     to always fail with ENOSYS.  Some functions are actually named
|     something starting with __ and the normal name is an alias.  */
| #if defined __stub__doprnt || defined __stub____doprnt
| choke me
| #endif
| 
| int
| main ()
| {
| return _doprnt ();
|   ;
|   return 0;
| }
configure:18422: result: no
configure:18436: checking for ishexnumber
configure:18436: gcc -o conftest -g -O2   conftest.c  >&5
/usr/bin/ld: /tmp/ccuhtdtb.o: in function `main':
/home/lordyesta/Projects/pytsk/sleuthkit/conftest.c:79: undefined reference to `ishexnumber'
collect2: error: ld returned 1 exit status
configure:18436: $? = 1
configure: failed program was:
| /* confdefs.h */
| #define PACKAGE_NAME "sleuthkit"
| #define PACKAGE_TARNAME "sleuthkit"
| #define PACKAGE_VERSION "4.6.6"
| #define PACKAGE_STRING "sleuthkit 4.6.6"
| #define PACKAGE_BUGREPORT ""
| #define PACKAGE_URL ""
| #define PACKAGE "sleuthkit"
| #define VERSION "4.6.6"
| #define STDC_HEADERS 1
| #define HAVE_SYS_TYPES_H 1
| #define HAVE_SYS_STAT_H 1
| #define HAVE_STDLIB_H 1
| #define HAVE_STRING_H 1
| #define HAVE_MEMORY_H 1
| #define HAVE_STRINGS_H 1
| #define HAVE_INTTYPES_H 1
| #define HAVE_STDINT_H 1
| #define HAVE_UNISTD_H 1
| #define HAVE_DLFCN_H 1
| #define LT_OBJDIR ".libs/"
| #define STDC_HEADERS 1
| #define HAVE_ERR_H 1
| #define HAVE_INTTYPES_H 1
| #define HAVE_UNISTD_H 1
| #define HAVE_STDINT_H 1
| #define HAVE_SYS_PARAM_H 1
| #define HAVE_SYS_RESOURCE_H 1
| #define HAVE__BOOL 1
| #define HAVE_STDBOOL_H 1
| #define HAVE_ALLOCA_H 1
| #define HAVE_ALLOCA 1
| #define HAVE_FSEEKO 1
| #define LSTAT_FOLLOWS_SLASHED_SYMLINK 1
| #define LSTAT_FOLLOWS_SLASHED_SYMLINK 1
| #define HAVE_SYS_SELECT_H 1
| #define HAVE_SYS_SOCKET_H 1
| #define SELECT_TYPE_ARG1 int
| #define SELECT_TYPE_ARG234 (fd_set *)
| #define SELECT_TYPE_ARG5 (struct timeval *)
| #define HAVE_UTIME_H 1
| #define HAVE_UTIME_NULL 1
| #define HAVE_VPRINTF 1
| /* end confdefs.h.  */
| /* Define ishexnumber to an innocuous variant, in case <limits.h> declares ishexnumber.
|    For example, HP-UX 11i <limits.h> declares gettimeofday.  */
| #define ishexnumber innocuous_ishexnumber
| 
| /* System header to define __stub macros and hopefully few prototypes,
|     which can conflict with char ishexnumber (); below.
|     Prefer <limits.h> to <assert.h> if __STDC__ is defined, since
|     <limits.h> exists even on freestanding compilers.  */
| 
| #ifdef __STDC__
| # include <limits.h>
| #else
| # include <assert.h>
| #endif
| 
| #undef ishexnumber
| 
| /* Override any GCC internal prototype to avoid an error.
|    Use char because int might match the return type of a GCC
|    builtin and then its argument prototype would still apply.  */
| #ifdef __cplusplus
| extern "C"
| #endif
| char ishexnumber ();
| /* The GNU C library defines this for functions which it implements
|     to always fail with ENOSYS.  Some functions are actually named
|     something starting with __ and the normal name is an alias.  */
| #if defined __stub_ishexnumber || defined __stub___ishexnumber
| choke me
| #endif
| 
| int
| main ()
| {
| return ishexnumber ();
|   ;
|   return 0;
| }
configure:18436: result: no
configure:18436: checking for err
configure:18436: gcc -o conftest -g -O2   conftest.c  >&5
configure:18436: $? = 0
configure:18436: result: yes
configure:18436: checking for errx
configure:18436: gcc -o conftest -g -O2   conftest.c  >&5
configure:18436: $? = 0
configure:18436: result: yes
configure:18436: checking for warn
configure:18436: gcc -o conftest -g -O2   conftest.c  >&5
configure:18436: $? = 0
configure:18436: result: yes
configure:18436: checking for warnx
configure:18436: gcc -o conftest -g -O2   conftest.c  >&5
configure:18436: $? = 0
configure:18436: result: yes
configure:18436: checking for vasprintf
configure:18436: gcc -o conftest -g -O2   conftest.c  >&5
configure:18436: $? = 0
configure:18436: result: yes
configure:18436: checking for getrusage
configure:18436: gcc -o conftest -g -O2   conftest.c  >&5
configure:18436: $? = 0
configure:18436: result: yes
configure:18448: checking for strlcpy
configure:18448: gcc -o conftest -g -O2   conftest.c  >&5
/usr/bin/ld: /tmp/ccp8Qf6y.o: in function `main':
/home/lordyesta/Projects/pytsk/sleuthkit/conftest.c:85: undefined reference to `strlcpy'
collect2: error: ld returned 1 exit status
configure:18448: $? = 1
configure: failed program was:
| /* confdefs.h */
| #define PACKAGE_NAME "sleuthkit"
| #define PACKAGE_TARNAME "sleuthkit"
| #define PACKAGE_VERSION "4.6.6"
| #define PACKAGE_STRING "sleuthkit 4.6.6"
| #define PACKAGE_BUGREPORT ""
| #define PACKAGE_URL ""
| #define PACKAGE "sleuthkit"
| #define VERSION "4.6.6"
| #define STDC_HEADERS 1
| #define HAVE_SYS_TYPES_H 1
| #define HAVE_SYS_STAT_H 1
| #define HAVE_STDLIB_H 1
| #define HAVE_STRING_H 1
| #define HAVE_MEMORY_H 1
| #define HAVE_STRINGS_H 1
| #define HAVE_INTTYPES_H 1
| #define HAVE_STDINT_H 1
| #define HAVE_UNISTD_H 1
| #define HAVE_DLFCN_H 1
| #define LT_OBJDIR ".libs/"
| #define STDC_HEADERS 1
| #define HAVE_ERR_H 1
| #define HAVE_INTTYPES_H 1
| #define HAVE_UNISTD_H 1
| #define HAVE_STDINT_H 1
| #define HAVE_SYS_PARAM_H 1
| #define HAVE_SYS_RESOURCE_H 1
| #define HAVE__BOOL 1
| #define HAVE_STDBOOL_H 1
| #define HAVE_ALLOCA_H 1
| #define HAVE_ALLOCA 1
| #define HAVE_FSEEKO 1
| #define LSTAT_FOLLOWS_SLASHED_SYMLINK 1
| #define LSTAT_FOLLOWS_SLASHED_SYMLINK 1
| #define HAVE_SYS_SELECT_H 1
| #define HAVE_SYS_SOCKET_H 1
| #define SELECT_TYPE_ARG1 int
| #define SELECT_TYPE_ARG234 (fd_set *)
| #define SELECT_TYPE_ARG5 (struct timeval *)
| #define HAVE_UTIME_H 1
| #define HAVE_UTIME_NULL 1
| #define HAVE_VPRINTF 1
| #define HAVE_ERR 1
| #define HAVE_ERRX 1
| #define HAVE_WARN 1
| #define HAVE_WARNX 1
| #define HAVE_VASPRINTF 1
| #define HAVE_GETRUSAGE 1
| /* end confdefs.h.  */
| /* Define strlcpy to an innocuous variant, in case <limits.h> declares strlcpy.
|    For example, HP-UX 11i <limits.h> declares gettimeofday.  */
| #define strlcpy innocuous_strlcpy
| 
| /* System header to define __stub macros and hopefully few prototypes,
|     which can conflict with char strlcpy (); below.
|     Prefer <limits.h> to <assert.h> if __STDC__ is defined, since
|     <limits.h> exists even on freestanding compilers.  */
| 
| #ifdef __STDC__
| # include <limits.h>
| #else
| # include <assert.h>
| #endif
| 
| #undef strlcpy
| 
| /* Override any GCC internal prototype to avoid an error.
|    Use char because int might match the return type of a GCC
|    builtin and then its argument prototype would still apply.  */
| #ifdef __cplusplus
| extern "C"
| #endif
| char strlcpy ();
| /* The GNU C library defines this for functions which it implements
|     to always fail with ENOSYS.  Some functions are actually named
|     something starting with __ and the normal name is an alias.  */
| #if defined __stub_strlcpy || defined __stub___strlcpy
| choke me
| #endif
| 
| int
| main ()
| {
| return strlcpy ();
|   ;
|   return 0;
| }
configure:18448: result: no
configure:18448: checking for strlcat
configure:18448: gcc -o conftest -g -O2   conftest.c  >&5
/usr/bin/ld: /tmp/ccYQKAmE.o: in function `main':
/home/lordyesta/Projects/pytsk/sleuthkit/conftest.c:85: undefined reference to `strlcat'
collect2: error: ld returned 1 exit status
configure:18448: $? = 1
configure: failed program was:
| /* confdefs.h */
| #define PACKAGE_NAME "sleuthkit"
| #define PACKAGE_TARNAME "sleuthkit"
| #define PACKAGE_VERSION "4.6.6"
| #define PACKAGE_STRING "sleuthkit 4.6.6"
| #define PACKAGE_BUGREPORT ""
| #define PACKAGE_URL ""
| #define PACKAGE "sleuthkit"
| #define VERSION "4.6.6"
| #define STDC_HEADERS 1
| #define HAVE_SYS_TYPES_H 1
| #define HAVE_SYS_STAT_H 1
| #define HAVE_STDLIB_H 1
| #define HAVE_STRING_H 1
| #define HAVE_MEMORY_H 1
| #define HAVE_STRINGS_H 1
| #define HAVE_INTTYPES_H 1
| #define HAVE_STDINT_H 1
| #define HAVE_UNISTD_H 1
| #define HAVE_DLFCN_H 1
| #define LT_OBJDIR ".libs/"
| #define STDC_HEADERS 1
| #define HAVE_ERR_H 1
| #define HAVE_INTTYPES_H 1
| #define HAVE_UNISTD_H 1
| #define HAVE_STDINT_H 1
| #define HAVE_SYS_PARAM_H 1
| #define HAVE_SYS_RESOURCE_H 1
| #define HAVE__BOOL 1
| #define HAVE_STDBOOL_H 1
| #define HAVE_ALLOCA_H 1
| #define HAVE_ALLOCA 1
| #define HAVE_FSEEKO 1
| #define LSTAT_FOLLOWS_SLASHED_SYMLINK 1
| #define LSTAT_FOLLOWS_SLASHED_SYMLINK 1
| #define HAVE_SYS_SELECT_H 1
| #define HAVE_SYS_SOCKET_H 1
| #define SELECT_TYPE_ARG1 int
| #define SELECT_TYPE_ARG234 (fd_set *)
| #define SELECT_TYPE_ARG5 (struct timeval *)
| #define HAVE_UTIME_H 1
| #define HAVE_UTIME_NULL 1
| #define HAVE_VPRINTF 1
| #define HAVE_ERR 1
| #define HAVE_ERRX 1
| #define HAVE_WARN 1
| #define HAVE_WARNX 1
| #define HAVE_VASPRINTF 1
| #define HAVE_GETRUSAGE 1
| /* end confdefs.h.  */
| /* Define strlcat to an innocuous variant, in case <limits.h> declares strlcat.
|    For example, HP-UX 11i <limits.h> declares gettimeofday.  */
| #define strlcat innocuous_strlcat
| 
| /* System header to define __stub macros and hopefully few prototypes,
|     which can conflict with char strlcat (); below.
|     Prefer <limits.h> to <assert.h> if __STDC__ is defined, since
|     <limits.h> exists even on freestanding compilers.  */
| 
| #ifdef __STDC__
| # include <limits.h>
| #else
| # include <assert.h>
| #endif
| 
| #undef strlcat
| 
| /* Override any GCC internal prototype to avoid an error.
|    Use char because int might match the return type of a GCC
|    builtin and then its argument prototype would still apply.  */
| #ifdef __cplusplus
| extern "C"
| #endif
| char strlcat ();
| /* The GNU C library defines this for functions which it implements
|     to always fail with ENOSYS.  Some functions are actually named
|     something starting with __ and the normal name is an alias.  */
| #if defined __stub_strlcat || defined __stub___strlcat
| choke me
| #endif
| 
| int
| main ()
| {
| return strlcat ();
|   ;
|   return 0;
| }
configure:18448: result: no
configure:18627: checking for the pthreads library -lpthreads
configure:18665: gcc -o conftest -g -O2    conftest.c -lpthreads  >&5
/usr/bin/ld: cannot find -lpthreads
collect2: error: ld returned 1 exit status
configure:18665: $? = 1
configure: failed program was:
| /* confdefs.h */
| #define PACKAGE_NAME "sleuthkit"
| #define PACKAGE_TARNAME "sleuthkit"
| #define PACKAGE_VERSION "4.6.6"
| #define PACKAGE_STRING "sleuthkit 4.6.6"
| #define PACKAGE_BUGREPORT ""
| #define PACKAGE_URL ""
| #define PACKAGE "sleuthkit"
| #define VERSION "4.6.6"
| #define STDC_HEADERS 1
| #define HAVE_SYS_TYPES_H 1
| #define HAVE_SYS_STAT_H 1
| #define HAVE_STDLIB_H 1
| #define HAVE_STRING_H 1
| #define HAVE_MEMORY_H 1
| #define HAVE_STRINGS_H 1
| #define HAVE_INTTYPES_H 1
| #define HAVE_STDINT_H 1
| #define HAVE_UNISTD_H 1
| #define HAVE_DLFCN_H 1
| #define LT_OBJDIR ".libs/"
| #define STDC_HEADERS 1
| #define HAVE_ERR_H 1
| #define HAVE_INTTYPES_H 1
| #define HAVE_UNISTD_H 1
| #define HAVE_STDINT_H 1
| #define HAVE_SYS_PARAM_H 1
| #define HAVE_SYS_RESOURCE_H 1
| #define HAVE__BOOL 1
| #define HAVE_STDBOOL_H 1
| #define HAVE_ALLOCA_H 1
| #define HAVE_ALLOCA 1
| #define HAVE_FSEEKO 1
| #define LSTAT_FOLLOWS_SLASHED_SYMLINK 1
| #define LSTAT_FOLLOWS_SLASHED_SYMLINK 1
| #define HAVE_SYS_SELECT_H 1
| #define HAVE_SYS_SOCKET_H 1
| #define SELECT_TYPE_ARG1 int
| #define SELECT_TYPE_ARG234 (fd_set *)
| #define SELECT_TYPE_ARG5 (struct timeval *)
| #define HAVE_UTIME_H 1
| #define HAVE_UTIME_NULL 1
| #define HAVE_VPRINTF 1
| #define HAVE_ERR 1
| #define HAVE_ERRX 1
| #define HAVE_WARN 1
| #define HAVE_WARNX 1
| #define HAVE_VASPRINTF 1
| #define HAVE_GETRUSAGE 1
| /* end confdefs.h.  */
| #include <pthread.h>
| 		     static void routine(void* a) {a=0;}
| 		     static void* start_routine(void* a) {return a;}
| int
| main ()
| {
| pthread_t th; pthread_attr_t attr;
|                      pthread_create(&th,0,start_routine,0);
|                      pthread_join(th, 0);
|                      pthread_attr_init(&attr);
|                      pthread_cleanup_push(routine, 0);
|                      pthread_cleanup_pop(0);
|   ;
|   return 0;
| }
configure:18674: result: no
configure:18572: checking whether pthreads work without any flags
configure:18665: gcc -o conftest -g -O2    conftest.c   >&5
/usr/bin/ld: /tmp/cctV9baL.o: in function `main':
/home/lordyesta/Projects/pytsk/sleuthkit/conftest.c:58: undefined reference to `pthread_create'
/usr/bin/ld: /home/lordyesta/Projects/pytsk/sleuthkit/conftest.c:59: undefined reference to `pthread_join'
/usr/bin/ld: /home/lordyesta/Projects/pytsk/sleuthkit/conftest.c:61: undefined reference to `__pthread_register_cancel'
/usr/bin/ld: /home/lordyesta/Projects/pytsk/sleuthkit/conftest.c:62: undefined reference to `__pthread_unregister_cancel'
collect2: error: ld returned 1 exit status
configure:18665: $? = 1
configure: failed program was:
| /* confdefs.h */
| #define PACKAGE_NAME "sleuthkit"
| #define PACKAGE_TARNAME "sleuthkit"
| #define PACKAGE_VERSION "4.6.6"
| #define PACKAGE_STRING "sleuthkit 4.6.6"
| #define PACKAGE_BUGREPORT ""
| #define PACKAGE_URL ""
| #define PACKAGE "sleuthkit"
| #define VERSION "4.6.6"
| #define STDC_HEADERS 1
| #define HAVE_SYS_TYPES_H 1
| #define HAVE_SYS_STAT_H 1
| #define HAVE_STDLIB_H 1
| #define HAVE_STRING_H 1
| #define HAVE_MEMORY_H 1
| #define HAVE_STRINGS_H 1
| #define HAVE_INTTYPES_H 1
| #define HAVE_STDINT_H 1
| #define HAVE_UNISTD_H 1
| #define HAVE_DLFCN_H 1
| #define LT_OBJDIR ".libs/"
| #define STDC_HEADERS 1
| #define HAVE_ERR_H 1
| #define HAVE_INTTYPES_H 1
| #define HAVE_UNISTD_H 1
| #define HAVE_STDINT_H 1
| #define HAVE_SYS_PARAM_H 1
| #define HAVE_SYS_RESOURCE_H 1
| #define HAVE__BOOL 1
| #define HAVE_STDBOOL_H 1
| #define HAVE_ALLOCA_H 1
| #define HAVE_ALLOCA 1
| #define HAVE_FSEEKO 1
| #define LSTAT_FOLLOWS_SLASHED_SYMLINK 1
| #define LSTAT_FOLLOWS_SLASHED_SYMLINK 1
| #define HAVE_SYS_SELECT_H 1
| #define HAVE_SYS_SOCKET_H 1
| #define SELECT_TYPE_ARG1 int
| #define SELECT_TYPE_ARG234 (fd_set *)
| #define SELECT_TYPE_ARG5 (struct timeval *)
| #define HAVE_UTIME_H 1
| #define HAVE_UTIME_NULL 1
| #define HAVE_VPRINTF 1
| #define HAVE_ERR 1
| #define HAVE_ERRX 1
| #define HAVE_WARN 1
| #define HAVE_WARNX 1
| #define HAVE_VASPRINTF 1
| #define HAVE_GETRUSAGE 1
| /* end confdefs.h.  */
| #include <pthread.h>
| 		     static void routine(void* a) {a=0;}
| 		     static void* start_routine(void* a) {return a;}
| int
| main ()
| {
| pthread_t th; pthread_attr_t attr;
|                      pthread_create(&th,0,start_routine,0);
|                      pthread_join(th, 0);
|                      pthread_attr_init(&attr);
|                      pthread_cleanup_push(routine, 0);
|                      pthread_cleanup_pop(0);
|   ;
|   return 0;
| }
configure:18674: result: no
configure:18577: checking whether pthreads work with -Kthread
configure:18665: gcc -o conftest -g -O2 -Kthread   conftest.c   >&5
gcc: error: unrecognized command line option '-Kthread'; did you mean '-pthread'?
configure:18665: $? = 1
configure: failed program was:
| /* confdefs.h */
| #define PACKAGE_NAME "sleuthkit"
| #define PACKAGE_TARNAME "sleuthkit"
| #define PACKAGE_VERSION "4.6.6"
| #define PACKAGE_STRING "sleuthkit 4.6.6"
| #define PACKAGE_BUGREPORT ""
| #define PACKAGE_URL ""
| #define PACKAGE "sleuthkit"
| #define VERSION "4.6.6"
| #define STDC_HEADERS 1
| #define HAVE_SYS_TYPES_H 1
| #define HAVE_SYS_STAT_H 1
| #define HAVE_STDLIB_H 1
| #define HAVE_STRING_H 1
| #define HAVE_MEMORY_H 1
| #define HAVE_STRINGS_H 1
| #define HAVE_INTTYPES_H 1
| #define HAVE_STDINT_H 1
| #define HAVE_UNISTD_H 1
| #define HAVE_DLFCN_H 1
| #define LT_OBJDIR ".libs/"
| #define STDC_HEADERS 1
| #define HAVE_ERR_H 1
| #define HAVE_INTTYPES_H 1
| #define HAVE_UNISTD_H 1
| #define HAVE_STDINT_H 1
| #define HAVE_SYS_PARAM_H 1
| #define HAVE_SYS_RESOURCE_H 1
| #define HAVE__BOOL 1
| #define HAVE_STDBOOL_H 1
| #define HAVE_ALLOCA_H 1
| #define HAVE_ALLOCA 1
| #define HAVE_FSEEKO 1
| #define LSTAT_FOLLOWS_SLASHED_SYMLINK 1
| #define LSTAT_FOLLOWS_SLASHED_SYMLINK 1
| #define HAVE_SYS_SELECT_H 1
| #define HAVE_SYS_SOCKET_H 1
| #define SELECT_TYPE_ARG1 int
| #define SELECT_TYPE_ARG234 (fd_set *)
| #define SELECT_TYPE_ARG5 (struct timeval *)
| #define HAVE_UTIME_H 1
| #define HAVE_UTIME_NULL 1
| #define HAVE_VPRINTF 1
| #define HAVE_ERR 1
| #define HAVE_ERRX 1
| #define HAVE_WARN 1
| #define HAVE_WARNX 1
| #define HAVE_VASPRINTF 1
| #define HAVE_GETRUSAGE 1
| /* end confdefs.h.  */
| #include <pthread.h>
| 		     static void routine(void* a) {a=0;}
| 		     static void* start_routine(void* a) {return a;}
| int
| main ()
| {
| pthread_t th; pthread_attr_t attr;
|                      pthread_create(&th,0,start_routine,0);
|                      pthread_join(th, 0);
|                      pthread_attr_init(&attr);
|                      pthread_cleanup_push(routine, 0);
|                      pthread_cleanup_pop(0);
|   ;
|   return 0;
| }
configure:18674: result: no
configure:18577: checking whether pthreads work with -kthread
configure:18665: gcc -o conftest -g -O2 -kthread   conftest.c   >&5
gcc: error: unrecognized command line option '-kthread'; did you mean '-pthread'?
configure:18665: $? = 1
configure: failed program was:
| /* confdefs.h */
| #define PACKAGE_NAME "sleuthkit"
| #define PACKAGE_TARNAME "sleuthkit"
| #define PACKAGE_VERSION "4.6.6"
| #define PACKAGE_STRING "sleuthkit 4.6.6"
| #define PACKAGE_BUGREPORT ""
| #define PACKAGE_URL ""
| #define PACKAGE "sleuthkit"
| #define VERSION "4.6.6"
| #define STDC_HEADERS 1
| #define HAVE_SYS_TYPES_H 1
| #define HAVE_SYS_STAT_H 1
| #define HAVE_STDLIB_H 1
| #define HAVE_STRING_H 1
| #define HAVE_MEMORY_H 1
| #define HAVE_STRINGS_H 1
| #define HAVE_INTTYPES_H 1
| #define HAVE_STDINT_H 1
| #define HAVE_UNISTD_H 1
| #define HAVE_DLFCN_H 1
| #define LT_OBJDIR ".libs/"
| #define STDC_HEADERS 1
| #define HAVE_ERR_H 1
| #define HAVE_INTTYPES_H 1
| #define HAVE_UNISTD_H 1
| #define HAVE_STDINT_H 1
| #define HAVE_SYS_PARAM_H 1
| #define HAVE_SYS_RESOURCE_H 1
| #define HAVE__BOOL 1
| #define HAVE_STDBOOL_H 1
| #define HAVE_ALLOCA_H 1
| #define HAVE_ALLOCA 1
| #define HAVE_FSEEKO 1
| #define LSTAT_FOLLOWS_SLASHED_SYMLINK 1
| #define LSTAT_FOLLOWS_SLASHED_SYMLINK 1
| #define HAVE_SYS_SELECT_H 1
| #define HAVE_SYS_SOCKET_H 1
| #define SELECT_TYPE_ARG1 int
| #define SELECT_TYPE_ARG234 (fd_set *)
| #define SELECT_TYPE_ARG5 (struct timeval *)
| #define HAVE_UTIME_H 1
| #define HAVE_UTIME_NULL 1
| #define HAVE_VPRINTF 1
| #define HAVE_ERR 1
| #define HAVE_ERRX 1
| #define HAVE_WARN 1
| #define HAVE_WARNX 1
| #define HAVE_VASPRINTF 1
| #define HAVE_GETRUSAGE 1
| /* end confdefs.h.  */
| #include <pthread.h>
| 		     static void routine(void* a) {a=0;}
| 		     static void* start_routine(void* a) {return a;}
| int
| main ()
| {
| pthread_t th; pthread_attr_t attr;
|                      pthread_create(&th,0,start_routine,0);
|                      pthread_join(th, 0);
|                      pthread_attr_init(&attr);
|                      pthread_cleanup_push(routine, 0);
|                      pthread_cleanup_pop(0);
|   ;
|   return 0;
| }
configure:18674: result: no
configure:18627: checking for the pthreads library -llthread
configure:18665: gcc -o conftest -g -O2    conftest.c -llthread  >&5
/usr/bin/ld: cannot find -llthread
collect2: error: ld returned 1 exit status
configure:18665: $? = 1
configure: failed program was:
| /* confdefs.h */
| #define PACKAGE_NAME "sleuthkit"
| #define PACKAGE_TARNAME "sleuthkit"
| #define PACKAGE_VERSION "4.6.6"
| #define PACKAGE_STRING "sleuthkit 4.6.6"
| #define PACKAGE_BUGREPORT ""
| #define PACKAGE_URL ""
| #define PACKAGE "sleuthkit"
| #define VERSION "4.6.6"
| #define STDC_HEADERS 1
| #define HAVE_SYS_TYPES_H 1
| #define HAVE_SYS_STAT_H 1
| #define HAVE_STDLIB_H 1
| #define HAVE_STRING_H 1
| #define HAVE_MEMORY_H 1
| #define HAVE_STRINGS_H 1
| #define HAVE_INTTYPES_H 1
| #define HAVE_STDINT_H 1
| #define HAVE_UNISTD_H 1
| #define HAVE_DLFCN_H 1
| #define LT_OBJDIR ".libs/"
| #define STDC_HEADERS 1
| #define HAVE_ERR_H 1
| #define HAVE_INTTYPES_H 1
| #define HAVE_UNISTD_H 1
| #define HAVE_STDINT_H 1
| #define HAVE_SYS_PARAM_H 1
| #define HAVE_SYS_RESOURCE_H 1
| #define HAVE__BOOL 1
| #define HAVE_STDBOOL_H 1
| #define HAVE_ALLOCA_H 1
| #define HAVE_ALLOCA 1
| #define HAVE_FSEEKO 1
| #define LSTAT_FOLLOWS_SLASHED_SYMLINK 1
| #define LSTAT_FOLLOWS_SLASHED_SYMLINK 1
| #define HAVE_SYS_SELECT_H 1
| #define HAVE_SYS_SOCKET_H 1
| #define SELECT_TYPE_ARG1 int
| #define SELECT_TYPE_ARG234 (fd_set *)
| #define SELECT_TYPE_ARG5 (struct timeval *)
| #define HAVE_UTIME_H 1
| #define HAVE_UTIME_NULL 1
| #define HAVE_VPRINTF 1
| #define HAVE_ERR 1
| #define HAVE_ERRX 1
| #define HAVE_WARN 1
| #define HAVE_WARNX 1
| #define HAVE_VASPRINTF 1
| #define HAVE_GETRUSAGE 1
| /* end confdefs.h.  */
| #include <pthread.h>
| 		     static void routine(void* a) {a=0;}
| 		     static void* start_routine(void* a) {return a;}
| int
| main ()
| {
| pthread_t th; pthread_attr_t attr;
|                      pthread_create(&th,0,start_routine,0);
|                      pthread_join(th, 0);
|                      pthread_attr_init(&attr);
|                      pthread_cleanup_push(routine, 0);
|                      pthread_cleanup_pop(0);
|   ;
|   return 0;
| }
configure:18674: result: no
configure:18577: checking whether pthreads work with -pthread
configure:18665: gcc -o conftest -g -O2 -pthread   conftest.c   >&5
configure:18665: $? = 0
configure:18674: result: yes
configure:18693: checking for joinable pthread attribute
configure:18708: gcc -o conftest -g -O2 -pthread   conftest.c   >&5
configure:18708: $? = 0
configure:18714: result: PTHREAD_CREATE_JOINABLE
configure:18724: checking if more special flags are required for pthreads
configure:18731: result: no
configure:18850: checking for main in -lstdc++
configure:18869: gcc -o conftest -g -O2  -pthread -I/usr/local/include  -pthread -L/usr/local/lib conftest.c -lstdc++   >&5
configure:18869: $? = 0
configure:18878: result: yes
configure:18893: checking for list
configure:18893: gcc -c -g -O2  -pthread -I/usr/local/include conftest.c >&5
conftest.c:53:13: error: expected '=', ',', ';', 'asm' or '__attribute__' before numeric constant
 as_fn_error 0 "missing STL list class header" "18893" 5
             ^
conftest.c:55:10: fatal error: list: No such file or directory
 #include <list>
          ^~~~~~
compilation terminated.
configure:18893: $? = 1
configure: failed program was:
| /* confdefs.h */
| #define PACKAGE_NAME "sleuthkit"
| #define PACKAGE_TARNAME "sleuthkit"
| #define PACKAGE_VERSION "4.6.6"
| #define PACKAGE_STRING "sleuthkit 4.6.6"
| #define PACKAGE_BUGREPORT ""
| #define PACKAGE_URL ""
| #define PACKAGE "sleuthkit"
| #define VERSION "4.6.6"
| #define STDC_HEADERS 1
| #define HAVE_SYS_TYPES_H 1
| #define HAVE_SYS_STAT_H 1
| #define HAVE_STDLIB_H 1
| #define HAVE_STRING_H 1
| #define HAVE_MEMORY_H 1
| #define HAVE_STRINGS_H 1
| #define HAVE_INTTYPES_H 1
| #define HAVE_STDINT_H 1
| #define HAVE_UNISTD_H 1
| #define HAVE_DLFCN_H 1
| #define LT_OBJDIR ".libs/"
| #define STDC_HEADERS 1
| #define HAVE_ERR_H 1
| #define HAVE_INTTYPES_H 1
| #define HAVE_UNISTD_H 1
| #define HAVE_STDINT_H 1
| #define HAVE_SYS_PARAM_H 1
| #define HAVE_SYS_RESOURCE_H 1
| #define HAVE__BOOL 1
| #define HAVE_STDBOOL_H 1
| #define HAVE_ALLOCA_H 1
| #define HAVE_ALLOCA 1
| #define HAVE_FSEEKO 1
| #define LSTAT_FOLLOWS_SLASHED_SYMLINK 1
| #define LSTAT_FOLLOWS_SLASHED_SYMLINK 1
| #define HAVE_SYS_SELECT_H 1
| #define HAVE_SYS_SOCKET_H 1
| #define SELECT_TYPE_ARG1 int
| #define SELECT_TYPE_ARG234 (fd_set *)
| #define SELECT_TYPE_ARG5 (struct timeval *)
| #define HAVE_UTIME_H 1
| #define HAVE_UTIME_NULL 1
| #define HAVE_VPRINTF 1
| #define HAVE_ERR 1
| #define HAVE_ERRX 1
| #define HAVE_WARN 1
| #define HAVE_WARNX 1
| #define HAVE_VASPRINTF 1
| #define HAVE_GETRUSAGE 1
| #define HAVE_PTHREAD 1
| #define HAVE_LIBSTDC__ 1
| /* end confdefs.h.  */
| as_fn_error 0 "missing STL list class header" "18893" 5
| 
| #include <list>
configure:18893: result: no
configure:18906: checking for map
configure:18906: gcc -c -g -O2  -pthread -I/usr/local/include conftest.c >&5
conftest.c:53:13: error: expected '=', ',', ';', 'asm' or '__attribute__' before numeric constant
 as_fn_error 0 "missing STL map class header" "18906" 5
             ^
conftest.c:55:10: fatal error: map: No such file or directory
 #include <map>
          ^~~~~
compilation terminated.
configure:18906: $? = 1
configure: failed program was:
| /* confdefs.h */
| #define PACKAGE_NAME "sleuthkit"
| #define PACKAGE_TARNAME "sleuthkit"
| #define PACKAGE_VERSION "4.6.6"
| #define PACKAGE_STRING "sleuthkit 4.6.6"
| #define PACKAGE_BUGREPORT ""
| #define PACKAGE_URL ""
| #define PACKAGE "sleuthkit"
| #define VERSION "4.6.6"
| #define STDC_HEADERS 1
| #define HAVE_SYS_TYPES_H 1
| #define HAVE_SYS_STAT_H 1
| #define HAVE_STDLIB_H 1
| #define HAVE_STRING_H 1
| #define HAVE_MEMORY_H 1
| #define HAVE_STRINGS_H 1
| #define HAVE_INTTYPES_H 1
| #define HAVE_STDINT_H 1
| #define HAVE_UNISTD_H 1
| #define HAVE_DLFCN_H 1
| #define LT_OBJDIR ".libs/"
| #define STDC_HEADERS 1
| #define HAVE_ERR_H 1
| #define HAVE_INTTYPES_H 1
| #define HAVE_UNISTD_H 1
| #define HAVE_STDINT_H 1
| #define HAVE_SYS_PARAM_H 1
| #define HAVE_SYS_RESOURCE_H 1
| #define HAVE__BOOL 1
| #define HAVE_STDBOOL_H 1
| #define HAVE_ALLOCA_H 1
| #define HAVE_ALLOCA 1
| #define HAVE_FSEEKO 1
| #define LSTAT_FOLLOWS_SLASHED_SYMLINK 1
| #define LSTAT_FOLLOWS_SLASHED_SYMLINK 1
| #define HAVE_SYS_SELECT_H 1
| #define HAVE_SYS_SOCKET_H 1
| #define SELECT_TYPE_ARG1 int
| #define SELECT_TYPE_ARG234 (fd_set *)
| #define SELECT_TYPE_ARG5 (struct timeval *)
| #define HAVE_UTIME_H 1
| #define HAVE_UTIME_NULL 1
| #define HAVE_VPRINTF 1
| #define HAVE_ERR 1
| #define HAVE_ERRX 1
| #define HAVE_WARN 1
| #define HAVE_WARNX 1
| #define HAVE_VASPRINTF 1
| #define HAVE_GETRUSAGE 1
| #define HAVE_PTHREAD 1
| #define HAVE_LIBSTDC__ 1
| /* end confdefs.h.  */
| as_fn_error 0 "missing STL map class header" "18906" 5
| 
| #include <map>
configure:18906: result: no
configure:18919: checking for queue
configure:18919: gcc -c -g -O2  -pthread -I/usr/local/include conftest.c >&5
conftest.c:53:13: error: expected '=', ',', ';', 'asm' or '__attribute__' before numeric constant
 as_fn_error 0 "missing STL queue class header" "18919" 5
             ^
conftest.c:55:10: fatal error: queue: No such file or directory
 #include <queue>
          ^~~~~~~
compilation terminated.
configure:18919: $? = 1
configure: failed program was:
| /* confdefs.h */
| #define PACKAGE_NAME "sleuthkit"
| #define PACKAGE_TARNAME "sleuthkit"
| #define PACKAGE_VERSION "4.6.6"
| #define PACKAGE_STRING "sleuthkit 4.6.6"
| #define PACKAGE_BUGREPORT ""
| #define PACKAGE_URL ""
| #define PACKAGE "sleuthkit"
| #define VERSION "4.6.6"
| #define STDC_HEADERS 1
| #define HAVE_SYS_TYPES_H 1
| #define HAVE_SYS_STAT_H 1
| #define HAVE_STDLIB_H 1
| #define HAVE_STRING_H 1
| #define HAVE_MEMORY_H 1
| #define HAVE_STRINGS_H 1
| #define HAVE_INTTYPES_H 1
| #define HAVE_STDINT_H 1
| #define HAVE_UNISTD_H 1
| #define HAVE_DLFCN_H 1
| #define LT_OBJDIR ".libs/"
| #define STDC_HEADERS 1
| #define HAVE_ERR_H 1
| #define HAVE_INTTYPES_H 1
| #define HAVE_UNISTD_H 1
| #define HAVE_STDINT_H 1
| #define HAVE_SYS_PARAM_H 1
| #define HAVE_SYS_RESOURCE_H 1
| #define HAVE__BOOL 1
| #define HAVE_STDBOOL_H 1
| #define HAVE_ALLOCA_H 1
| #define HAVE_ALLOCA 1
| #define HAVE_FSEEKO 1
| #define LSTAT_FOLLOWS_SLASHED_SYMLINK 1
| #define LSTAT_FOLLOWS_SLASHED_SYMLINK 1
| #define HAVE_SYS_SELECT_H 1
| #define HAVE_SYS_SOCKET_H 1
| #define SELECT_TYPE_ARG1 int
| #define SELECT_TYPE_ARG234 (fd_set *)
| #define SELECT_TYPE_ARG5 (struct timeval *)
| #define HAVE_UTIME_H 1
| #define HAVE_UTIME_NULL 1
| #define HAVE_VPRINTF 1
| #define HAVE_ERR 1
| #define HAVE_ERRX 1
| #define HAVE_WARN 1
| #define HAVE_WARNX 1
| #define HAVE_VASPRINTF 1
| #define HAVE_GETRUSAGE 1
| #define HAVE_PTHREAD 1
| #define HAVE_LIBSTDC__ 1
| /* end confdefs.h.  */
| as_fn_error 0 "missing STL queue class header" "18919" 5
| 
| #include <queue>
configure:18919: result: no
configure:18932: checking for set
configure:18932: gcc -c -g -O2  -pthread -I/usr/local/include conftest.c >&5
conftest.c:53:13: error: expected '=', ',', ';', 'asm' or '__attribute__' before numeric constant
 as_fn_error 0 "missing STL set class header" "18932" 5
             ^
conftest.c:55:10: fatal error: set: No such file or directory
 #include <set>
          ^~~~~
compilation terminated.
configure:18932: $? = 1
configure: failed program was:
| /* confdefs.h */
| #define PACKAGE_NAME "sleuthkit"
| #define PACKAGE_TARNAME "sleuthkit"
| #define PACKAGE_VERSION "4.6.6"
| #define PACKAGE_STRING "sleuthkit 4.6.6"
| #define PACKAGE_BUGREPORT ""
| #define PACKAGE_URL ""
| #define PACKAGE "sleuthkit"
| #define VERSION "4.6.6"
| #define STDC_HEADERS 1
| #define HAVE_SYS_TYPES_H 1
| #define HAVE_SYS_STAT_H 1
| #define HAVE_STDLIB_H 1
| #define HAVE_STRING_H 1
| #define HAVE_MEMORY_H 1
| #define HAVE_STRINGS_H 1
| #define HAVE_INTTYPES_H 1
| #define HAVE_STDINT_H 1
| #define HAVE_UNISTD_H 1
| #define HAVE_DLFCN_H 1
| #define LT_OBJDIR ".libs/"
| #define STDC_HEADERS 1
| #define HAVE_ERR_H 1
| #define HAVE_INTTYPES_H 1
| #define HAVE_UNISTD_H 1
| #define HAVE_STDINT_H 1
| #define HAVE_SYS_PARAM_H 1
| #define HAVE_SYS_RESOURCE_H 1
| #define HAVE__BOOL 1
| #define HAVE_STDBOOL_H 1
| #define HAVE_ALLOCA_H 1
| #define HAVE_ALLOCA 1
| #define HAVE_FSEEKO 1
| #define LSTAT_FOLLOWS_SLASHED_SYMLINK 1
| #define LSTAT_FOLLOWS_SLASHED_SYMLINK 1
| #define HAVE_SYS_SELECT_H 1
| #define HAVE_SYS_SOCKET_H 1
| #define SELECT_TYPE_ARG1 int
| #define SELECT_TYPE_ARG234 (fd_set *)
| #define SELECT_TYPE_ARG5 (struct timeval *)
| #define HAVE_UTIME_H 1
| #define HAVE_UTIME_NULL 1
| #define HAVE_VPRINTF 1
| #define HAVE_ERR 1
| #define HAVE_ERRX 1
| #define HAVE_WARN 1
| #define HAVE_WARNX 1
| #define HAVE_VASPRINTF 1
| #define HAVE_GETRUSAGE 1
| #define HAVE_PTHREAD 1
| #define HAVE_LIBSTDC__ 1
| /* end confdefs.h.  */
| as_fn_error 0 "missing STL set class header" "18932" 5
| 
| #include <set>
configure:18932: result: no
configure:18945: checking for stack
configure:18945: gcc -c -g -O2  -pthread -I/usr/local/include conftest.c >&5
conftest.c:53:13: error: expected '=', ',', ';', 'asm' or '__attribute__' before numeric constant
 as_fn_error 0 "missing STL stack class header" "18945" 5
             ^
conftest.c:55:10: fatal error: stack: No such file or directory
 #include <stack>
          ^~~~~~~
compilation terminated.
configure:18945: $? = 1
configure: failed program was:
| /* confdefs.h */
| #define PACKAGE_NAME "sleuthkit"
| #define PACKAGE_TARNAME "sleuthkit"
| #define PACKAGE_VERSION "4.6.6"
| #define PACKAGE_STRING "sleuthkit 4.6.6"
| #define PACKAGE_BUGREPORT ""
| #define PACKAGE_URL ""
| #define PACKAGE "sleuthkit"
| #define VERSION "4.6.6"
| #define STDC_HEADERS 1
| #define HAVE_SYS_TYPES_H 1
| #define HAVE_SYS_STAT_H 1
| #define HAVE_STDLIB_H 1
| #define HAVE_STRING_H 1
| #define HAVE_MEMORY_H 1
| #define HAVE_STRINGS_H 1
| #define HAVE_INTTYPES_H 1
| #define HAVE_STDINT_H 1
| #define HAVE_UNISTD_H 1
| #define HAVE_DLFCN_H 1
| #define LT_OBJDIR ".libs/"
| #define STDC_HEADERS 1
| #define HAVE_ERR_H 1
| #define HAVE_INTTYPES_H 1
| #define HAVE_UNISTD_H 1
| #define HAVE_STDINT_H 1
| #define HAVE_SYS_PARAM_H 1
| #define HAVE_SYS_RESOURCE_H 1
| #define HAVE__BOOL 1
| #define HAVE_STDBOOL_H 1
| #define HAVE_ALLOCA_H 1
| #define HAVE_ALLOCA 1
| #define HAVE_FSEEKO 1
| #define LSTAT_FOLLOWS_SLASHED_SYMLINK 1
| #define LSTAT_FOLLOWS_SLASHED_SYMLINK 1
| #define HAVE_SYS_SELECT_H 1
| #define HAVE_SYS_SOCKET_H 1
| #define SELECT_TYPE_ARG1 int
| #define SELECT_TYPE_ARG234 (fd_set *)
| #define SELECT_TYPE_ARG5 (struct timeval *)
| #define HAVE_UTIME_H 1
| #define HAVE_UTIME_NULL 1
| #define HAVE_VPRINTF 1
| #define HAVE_ERR 1
| #define HAVE_ERRX 1
| #define HAVE_WARN 1
| #define HAVE_WARNX 1
| #define HAVE_VASPRINTF 1
| #define HAVE_GETRUSAGE 1
| #define HAVE_PTHREAD 1
| #define HAVE_LIBSTDC__ 1
| /* end confdefs.h.  */
| as_fn_error 0 "missing STL stack class header" "18945" 5
| 
| #include <stack>
configure:18945: result: no
configure:18958: checking for streambuf
configure:18958: gcc -c -g -O2  -pthread -I/usr/local/include conftest.c >&5
conftest.c:53:13: error: expected '=', ',', ';', 'asm' or '__attribute__' before numeric constant
 as_fn_error 0 "missing STL streambuf class header" "18958" 5
             ^
conftest.c:55:10: fatal error: streambuf: No such file or directory
 #include <streambuf>
          ^~~~~~~~~~~
compilation terminated.
configure:18958: $? = 1
configure: failed program was:
| /* confdefs.h */
| #define PACKAGE_NAME "sleuthkit"
| #define PACKAGE_TARNAME "sleuthkit"
| #define PACKAGE_VERSION "4.6.6"
| #define PACKAGE_STRING "sleuthkit 4.6.6"
| #define PACKAGE_BUGREPORT ""
| #define PACKAGE_URL ""
| #define PACKAGE "sleuthkit"
| #define VERSION "4.6.6"
| #define STDC_HEADERS 1
| #define HAVE_SYS_TYPES_H 1
| #define HAVE_SYS_STAT_H 1
| #define HAVE_STDLIB_H 1
| #define HAVE_STRING_H 1
| #define HAVE_MEMORY_H 1
| #define HAVE_STRINGS_H 1
| #define HAVE_INTTYPES_H 1
| #define HAVE_STDINT_H 1
| #define HAVE_UNISTD_H 1
| #define HAVE_DLFCN_H 1
| #define LT_OBJDIR ".libs/"
| #define STDC_HEADERS 1
| #define HAVE_ERR_H 1
| #define HAVE_INTTYPES_H 1
| #define HAVE_UNISTD_H 1
| #define HAVE_STDINT_H 1
| #define HAVE_SYS_PARAM_H 1
| #define HAVE_SYS_RESOURCE_H 1
| #define HAVE__BOOL 1
| #define HAVE_STDBOOL_H 1
| #define HAVE_ALLOCA_H 1
| #define HAVE_ALLOCA 1
| #define HAVE_FSEEKO 1
| #define LSTAT_FOLLOWS_SLASHED_SYMLINK 1
| #define LSTAT_FOLLOWS_SLASHED_SYMLINK 1
| #define HAVE_SYS_SELECT_H 1
| #define HAVE_SYS_SOCKET_H 1
| #define SELECT_TYPE_ARG1 int
| #define SELECT_TYPE_ARG234 (fd_set *)
| #define SELECT_TYPE_ARG5 (struct timeval *)
| #define HAVE_UTIME_H 1
| #define HAVE_UTIME_NULL 1
| #define HAVE_VPRINTF 1
| #define HAVE_ERR 1
| #define HAVE_ERRX 1
| #define HAVE_WARN 1
| #define HAVE_WARNX 1
| #define HAVE_VASPRINTF 1
| #define HAVE_GETRUSAGE 1
| #define HAVE_PTHREAD 1
| #define HAVE_LIBSTDC__ 1
| /* end confdefs.h.  */
| as_fn_error 0 "missing STL streambuf class header" "18958" 5
| 
| #include <streambuf>
configure:18958: result: no
configure:18971: checking for string
configure:18971: gcc -c -g -O2  -pthread -I/usr/local/include conftest.c >&5
conftest.c:53:13: error: expected '=', ',', ';', 'asm' or '__attribute__' before numeric constant
 as_fn_error 0 "missing STL string class header" "18971" 5
             ^
conftest.c:55:10: fatal error: string: No such file or directory
 #include <string>
          ^~~~~~~~
compilation terminated.
configure:18971: $? = 1
configure: failed program was:
| /* confdefs.h */
| #define PACKAGE_NAME "sleuthkit"
| #define PACKAGE_TARNAME "sleuthkit"
| #define PACKAGE_VERSION "4.6.6"
| #define PACKAGE_STRING "sleuthkit 4.6.6"
| #define PACKAGE_BUGREPORT ""
| #define PACKAGE_URL ""
| #define PACKAGE "sleuthkit"
| #define VERSION "4.6.6"
| #define STDC_HEADERS 1
| #define HAVE_SYS_TYPES_H 1
| #define HAVE_SYS_STAT_H 1
| #define HAVE_STDLIB_H 1
| #define HAVE_STRING_H 1
| #define HAVE_MEMORY_H 1
| #define HAVE_STRINGS_H 1
| #define HAVE_INTTYPES_H 1
| #define HAVE_STDINT_H 1
| #define HAVE_UNISTD_H 1
| #define HAVE_DLFCN_H 1
| #define LT_OBJDIR ".libs/"
| #define STDC_HEADERS 1
| #define HAVE_ERR_H 1
| #define HAVE_INTTYPES_H 1
| #define HAVE_UNISTD_H 1
| #define HAVE_STDINT_H 1
| #define HAVE_SYS_PARAM_H 1
| #define HAVE_SYS_RESOURCE_H 1
| #define HAVE__BOOL 1
| #define HAVE_STDBOOL_H 1
| #define HAVE_ALLOCA_H 1
| #define HAVE_ALLOCA 1
| #define HAVE_FSEEKO 1
| #define LSTAT_FOLLOWS_SLASHED_SYMLINK 1
| #define LSTAT_FOLLOWS_SLASHED_SYMLINK 1
| #define HAVE_SYS_SELECT_H 1
| #define HAVE_SYS_SOCKET_H 1
| #define SELECT_TYPE_ARG1 int
| #define SELECT_TYPE_ARG234 (fd_set *)
| #define SELECT_TYPE_ARG5 (struct timeval *)
| #define HAVE_UTIME_H 1
| #define HAVE_UTIME_NULL 1
| #define HAVE_VPRINTF 1
| #define HAVE_ERR 1
| #define HAVE_ERRX 1
| #define HAVE_WARN 1
| #define HAVE_WARNX 1
| #define HAVE_VASPRINTF 1
| #define HAVE_GETRUSAGE 1
| #define HAVE_PTHREAD 1
| #define HAVE_LIBSTDC__ 1
| /* end confdefs.h.  */
| as_fn_error 0 "missing STL string class header" "18971" 5
| 
| #include <string>
configure:18971: result: no
configure:18984: checking for vector
configure:18984: gcc -c -g -O2  -pthread -I/usr/local/include conftest.c >&5
conftest.c:53:13: error: expected '=', ',', ';', 'asm' or '__attribute__' before numeric constant
 as_fn_error 0 "missing STL vector class header" "18984" 5
             ^
conftest.c:55:10: fatal error: vector: No such file or directory
 #include <vector>
          ^~~~~~~~
compilation terminated.
configure:18984: $? = 1
configure: failed program was:
| /* confdefs.h */
| #define PACKAGE_NAME "sleuthkit"
| #define PACKAGE_TARNAME "sleuthkit"
| #define PACKAGE_VERSION "4.6.6"
| #define PACKAGE_STRING "sleuthkit 4.6.6"
| #define PACKAGE_BUGREPORT ""
| #define PACKAGE_URL ""
| #define PACKAGE "sleuthkit"
| #define VERSION "4.6.6"
| #define STDC_HEADERS 1
| #define HAVE_SYS_TYPES_H 1
| #define HAVE_SYS_STAT_H 1
| #define HAVE_STDLIB_H 1
| #define HAVE_STRING_H 1
| #define HAVE_MEMORY_H 1
| #define HAVE_STRINGS_H 1
| #define HAVE_INTTYPES_H 1
| #define HAVE_STDINT_H 1
| #define HAVE_UNISTD_H 1
| #define HAVE_DLFCN_H 1
| #define LT_OBJDIR ".libs/"
| #define STDC_HEADERS 1
| #define HAVE_ERR_H 1
| #define HAVE_INTTYPES_H 1
| #define HAVE_UNISTD_H 1
| #define HAVE_STDINT_H 1
| #define HAVE_SYS_PARAM_H 1
| #define HAVE_SYS_RESOURCE_H 1
| #define HAVE__BOOL 1
| #define HAVE_STDBOOL_H 1
| #define HAVE_ALLOCA_H 1
| #define HAVE_ALLOCA 1
| #define HAVE_FSEEKO 1
| #define LSTAT_FOLLOWS_SLASHED_SYMLINK 1
| #define LSTAT_FOLLOWS_SLASHED_SYMLINK 1
| #define HAVE_SYS_SELECT_H 1
| #define HAVE_SYS_SOCKET_H 1
| #define SELECT_TYPE_ARG1 int
| #define SELECT_TYPE_ARG234 (fd_set *)
| #define SELECT_TYPE_ARG5 (struct timeval *)
| #define HAVE_UTIME_H 1
| #define HAVE_UTIME_NULL 1
| #define HAVE_VPRINTF 1
| #define HAVE_ERR 1
| #define HAVE_ERRX 1
| #define HAVE_WARN 1
| #define HAVE_WARNX 1
| #define HAVE_VASPRINTF 1
| #define HAVE_GETRUSAGE 1
| #define HAVE_PTHREAD 1
| #define HAVE_LIBSTDC__ 1
| /* end confdefs.h.  */
| as_fn_error 0 "missing STL vector class header" "18984" 5
| 
| #include <vector>
configure:18984: result: no
configure:18998: checking sqlite3.h usability
configure:18998: gcc -c -g -O2  -pthread -I/usr/local/include conftest.c >&5
configure:18998: $? = 0
configure:18998: result: yes
configure:18998: checking sqlite3.h presence
configure:18998: gcc -E  -pthread -I/usr/local/include conftest.c
configure:18998: $? = 0
configure:18998: result: yes
configure:18998: checking for sqlite3.h
configure:18998: result: yes
configure:19003: checking for dlopen in -ldl
configure:19028: gcc -o conftest -g -O2  -pthread -I/usr/local/include  -pthread -L/usr/local/lib conftest.c -ldl  -lstdc++  >&5
configure:19028: $? = 0
configure:19037: result: yes
configure:19048: checking for sqlite3_open in -lsqlite3
configure:19073: gcc -o conftest -g -O2  -pthread -I/usr/local/include  -pthread -L/usr/local/lib conftest.c -lsqlite3  -ldl -lstdc++  >&5
configure:19073: $? = 0
configure:19082: result: yes
configure:19097: checking which sqlite3 to use
configure:19100: result: system
configure:19458: NOT checking for zlib because with_zlib is no
configure:19479: failed to make Z_PATH
configure:19486: checking for dlopen in -ldl
configure:19520: result: yes
configure:20533: checking if libtool needs -no-undefined flag to build shared libraries
configure:20543: result: no
configure:20550: checking for getline
configure:20550: gcc -o conftest -g -O2  -pthread -I/usr/local/include  -pthread -L/usr/local/lib conftest.c -ldl -lsqlite3 -ldl -lstdc++  >&5
configure:20550: $? = 0
configure:20550: result: yes
configure:20559: checking for library containing regexec
configure:20590: gcc -o conftest -g -O2  -pthread -I/usr/local/include  -pthread -L/usr/local/lib conftest.c -ldl -lsqlite3 -ldl -lstdc++  >&5
configure:20590: $? = 0
configure:20607: result: none required
configure:20737: checking that generated files are newer than configure
configure:20743: result: done
configure:20802: creating ./config.status

## ---------------------- ##
## Running config.status. ##
## ---------------------- ##

This file was extended by sleuthkit config.status 4.6.6, which was
generated by GNU Autoconf 2.69.  Invocation command line was

  CONFIG_FILES    = 
  CONFIG_HEADERS  = 
  CONFIG_LINKS    = 
  CONFIG_COMMANDS = 
  $ ./config.status 

on beyond.dominion

config.status:1227: creating Makefile
config.status:1227: creating tsk/Makefile
config.status:1227: creating tsk/base/Makefile
config.status:1227: creating tsk/img/Makefile
config.status:1227: creating tsk/vs/Makefile
config.status:1227: creating tsk/fs/Makefile
config.status:1227: creating tsk/hashdb/Makefile
config.status:1227: creating tsk/auto/Makefile
config.status:1227: creating tsk/tsk_config.h
config.status:1408: tsk/tsk_config.h is unchanged
config.status:1456: executing depfiles commands
config.status:1533: cd tsk/base       && sed -e '/# am--include-marker/d' Makefile         | make -f - am--depfiles
make: Nothing to be done for 'am--depfiles'.
config.status:1538: $? = 0
config.status:1533: cd tsk/img       && sed -e '/# am--include-marker/d' Makefile         | make -f - am--depfiles
make: Nothing to be done for 'am--depfiles'.
config.status:1538: $? = 0
config.status:1533: cd tsk/vs       && sed -e '/# am--include-marker/d' Makefile         | make -f - am--depfiles
make: Nothing to be done for 'am--depfiles'.
config.status:1538: $? = 0
config.status:1533: cd tsk/fs       && sed -e '/# am--include-marker/d' Makefile         | make -f - am--depfiles
make: Nothing to be done for 'am--depfiles'.
config.status:1538: $? = 0
config.status:1533: cd tsk/hashdb       && sed -e '/# am--include-marker/d' Makefile         | make -f - am--depfiles
make: Nothing to be done for 'am--depfiles'.
config.status:1538: $? = 0
config.status:1533: cd tsk/auto       && sed -e '/# am--include-marker/d' Makefile         | make -f - am--depfiles
make: Nothing to be done for 'am--depfiles'.
config.status:1538: $? = 0
config.status:1456: executing libtool commands
config.status:1456: executing tsk/tsk_incs.h commands
configure:23259:
Building:
   afflib support:                        no
   libewf support:                        no
   zlib support:                          no
   libvhdi support:                       no
   libvmdk support:                       no
   postgresql support:                    no
Features:
   Java/JNI support:                      no
   Multithreading:                        yes


## ---------------- ##
## Cache variables. ##
## ---------------- ##

ac_cv_build=x86_64-pc-linux-gnu
ac_cv_c_compiler_gnu=yes
ac_cv_c_const=yes
ac_cv_cxx_compiler_gnu=yes
ac_cv_env_CCC_set=
ac_cv_env_CCC_value=
ac_cv_env_CC_set=
ac_cv_env_CC_value=
ac_cv_env_CFLAGS_set=
ac_cv_env_CFLAGS_value=
ac_cv_env_CPPFLAGS_set=
ac_cv_env_CPPFLAGS_value=
ac_cv_env_CPP_set=
ac_cv_env_CPP_value=
ac_cv_env_CXXCPP_set=
ac_cv_env_CXXCPP_value=
ac_cv_env_CXXFLAGS_set=
ac_cv_env_CXXFLAGS_value=
ac_cv_env_CXX_set=
ac_cv_env_CXX_value=
ac_cv_env_LDFLAGS_set=
ac_cv_env_LDFLAGS_value=
ac_cv_env_LIBS_set=
ac_cv_env_LIBS_value=
ac_cv_env_LT_SYS_LIBRARY_PATH_set=
ac_cv_env_LT_SYS_LIBRARY_PATH_value=
ac_cv_env_build_alias_set=
ac_cv_env_build_alias_value=
ac_cv_env_host_alias_set=
ac_cv_env_host_alias_value=
ac_cv_env_target_alias_set=
ac_cv_env_target_alias_value=
ac_cv_func__doprnt=no
ac_cv_func_alloca_works=yes
ac_cv_func_err=yes
ac_cv_func_errx=yes
ac_cv_func_getline=yes
ac_cv_func_getrusage=yes
ac_cv_func_ishexnumber=no
ac_cv_func_lstat_dereferences_slashed_symlink=yes
ac_cv_func_lstat_empty_string_bug=no
ac_cv_func_select_args='int,fd_set *,struct timeval *'
ac_cv_func_strlcat=no
ac_cv_func_strlcpy=no
ac_cv_func_utime_null=yes
ac_cv_func_vasprintf=yes
ac_cv_func_vprintf=yes
ac_cv_func_warn=yes
ac_cv_func_warnx=yes
ac_cv_header_dlfcn_h=yes
ac_cv_header_err_h=yes
ac_cv_header_inttypes_h=yes
ac_cv_header_list=no
ac_cv_header_map=no
ac_cv_header_memory_h=yes
ac_cv_header_queue=no
ac_cv_header_set=no
ac_cv_header_sqlite3_h=yes
ac_cv_header_stack=no
ac_cv_header_stdbool_h=yes
ac_cv_header_stdc=yes
ac_cv_header_stdint_h=yes
ac_cv_header_stdlib_h=yes
ac_cv_header_streambuf=no
ac_cv_header_string=no
ac_cv_header_string_h=yes
ac_cv_header_strings_h=yes
ac_cv_header_sys_param_h=yes
ac_cv_header_sys_resource_h=yes
ac_cv_header_sys_select_h=yes
ac_cv_header_sys_socket_h=yes
ac_cv_header_sys_stat_h=yes
ac_cv_header_sys_types_h=yes
ac_cv_header_unistd_h=yes
ac_cv_header_utime_h=yes
ac_cv_header_vector=no
ac_cv_host=x86_64-pc-linux-gnu
ac_cv_lib_dl_dlopen=yes
ac_cv_lib_error_at_line=yes
ac_cv_lib_sqlite3_sqlite3_open=yes
ac_cv_lib_stdcpp_main=yes
ac_cv_objext=o
ac_cv_path_CPPUNIT_CONFIG=no
ac_cv_path_EGREP='/usr/bin/grep -E'
ac_cv_path_FGREP='/usr/bin/grep -F'
ac_cv_path_GREP=/usr/bin/grep
ac_cv_path_PERL=/usr/bin/perl
ac_cv_path_SED=/usr/bin/sed
ac_cv_path_install='/usr/bin/install -c'
ac_cv_path_lt_DD=/usr/bin/dd
ac_cv_path_mkdir=/usr/bin/mkdir
ac_cv_prog_AWK=gawk
ac_cv_prog_CPP='gcc -E'
ac_cv_prog_CXXCPP='g++ -E'
ac_cv_prog_ac_ct_AR=ar
ac_cv_prog_ac_ct_CC=gcc
ac_cv_prog_ac_ct_CXX=g++
ac_cv_prog_ac_ct_OBJDUMP=objdump
ac_cv_prog_ac_ct_RANLIB=ranlib
ac_cv_prog_ac_ct_STRIP=strip
ac_cv_prog_cc_c89=
ac_cv_prog_cc_g=yes
ac_cv_prog_cxx_g=yes
ac_cv_prog_gcc_traditional=no
ac_cv_prog_make_make_set=yes
ac_cv_search_regexec='none required'
ac_cv_sys_file_offset_bits=no
ac_cv_sys_largefile_CC=no
ac_cv_sys_largefile_source=no
ac_cv_type__Bool=yes
ac_cv_type_mode_t=yes
ac_cv_type_off_t=yes
ac_cv_type_size_t=yes
ac_cv_type_uid_t=yes
ac_cv_working_alloca_h=yes
am_cv_CC_dependencies_compiler_type=gcc3
am_cv_CXX_dependencies_compiler_type=gcc3
am_cv_make_support_nested_variables=yes
am_cv_prog_cc_c_o=yes
lt_cv_ar_at_file=@
lt_cv_archive_cmds_need_lc=no
lt_cv_deplibs_check_method=pass_all
lt_cv_file_magic_cmd='$MAGIC_CMD'
lt_cv_file_magic_test_file=
lt_cv_ld_reload_flag=-r
lt_cv_nm_interface='BSD nm'
lt_cv_objdir=.libs
lt_cv_path_LD=/usr/bin/ld
lt_cv_path_LDCXX='/usr/bin/ld -m elf_x86_64'
lt_cv_path_NM='/usr/bin/nm -B'
lt_cv_path_mainfest_tool=no
lt_cv_prog_compiler_c_o=yes
lt_cv_prog_compiler_c_o_CXX=yes
lt_cv_prog_compiler_pic='-fPIC -DPIC'
lt_cv_prog_compiler_pic_CXX='-fPIC -DPIC'
lt_cv_prog_compiler_pic_works=yes
lt_cv_prog_compiler_pic_works_CXX=yes
lt_cv_prog_compiler_rtti_exceptions=no
lt_cv_prog_compiler_static_works=no
lt_cv_prog_compiler_static_works_CXX=no
lt_cv_prog_gnu_ld=yes
lt_cv_prog_gnu_ldcxx=yes
lt_cv_sharedlib_from_linklib_cmd='printf %s\n'
lt_cv_shlibpath_overrides_runpath=no
lt_cv_sys_global_symbol_pipe='sed -n -e '\''s/^.*[	 ]\([ABCDGIRSTW][ABCDGIRSTW]*\)[	 ][	 ]*\([_A-Za-z][_A-Za-z0-9]*\)$/\1 \2 \2/p'\'' | sed '\''/ __gnu_lto/d'\'''
lt_cv_sys_global_symbol_to_c_name_address='sed -n -e '\''s/^: \(.*\) .*$/  {"\1", (void *) 0},/p'\'' -e '\''s/^[ABCDGIRSTW][ABCDGIRSTW]* .* \(.*\)$/  {"\1", (void *) \&\1},/p'\'''
lt_cv_sys_global_symbol_to_c_name_address_lib_prefix='sed -n -e '\''s/^: \(.*\) .*$/  {"\1", (void *) 0},/p'\'' -e '\''s/^[ABCDGIRSTW][ABCDGIRSTW]* .* \(lib.*\)$/  {"\1", (void *) \&\1},/p'\'' -e '\''s/^[ABCDGIRSTW][ABCDGIRSTW]* .* \(.*\)$/  {"lib\1", (void *) \&\1},/p'\'''
lt_cv_sys_global_symbol_to_cdecl='sed -n -e '\''s/^T .* \(.*\)$/extern int \1();/p'\'' -e '\''s/^[ABCDGIRSTW][ABCDGIRSTW]* .* \(.*\)$/extern char \1;/p'\'''
lt_cv_sys_global_symbol_to_import=
lt_cv_sys_max_cmd_len=1572864
lt_cv_to_host_file_cmd=func_convert_file_noop
lt_cv_to_tool_file_cmd=func_convert_file_noop
lt_cv_truncate_bin='/usr/bin/dd bs=4096 count=1'

## ----------------- ##
## Output variables. ##
## ----------------- ##

ACLOCAL='${SHELL} /home/lordyesta/Projects/pytsk/sleuthkit/config/missing aclocal-1.16'
ALLOCA=''
AMDEPBACKSLASH='\'
AMDEP_FALSE='#'
AMDEP_TRUE=''
AMTAR='$${TAR-tar}'
AM_BACKSLASH='\'
AM_CFLAGS='-Wall -Wextra -Wno-unused-parameter'
AM_CXXFLAGS='-Wall -Wextra -Wno-unused-parameter'
AM_DEFAULT_V='$(AM_DEFAULT_VERBOSITY)'
AM_DEFAULT_VERBOSITY='1'
AM_V='$(V)'
ANT_FOUND=''
AR='ar'
AUTOCONF='${SHELL} /home/lordyesta/Projects/pytsk/sleuthkit/config/missing autoconf'
AUTOHEADER='${SHELL} /home/lordyesta/Projects/pytsk/sleuthkit/config/missing autoheader'
AUTOMAKE='${SHELL} /home/lordyesta/Projects/pytsk/sleuthkit/config/missing automake-1.16'
AWK='gawk'
CC='gcc'
CCDEPMODE='depmode=gcc3'
CFLAGS='-g -O2'
CPP='gcc -E'
CPPFLAGS=' -pthread -I/usr/local/include'
CPPUNIT_CFLAGS=''
CPPUNIT_CONFIG='no'
CPPUNIT_FALSE=''
CPPUNIT_LIBS=''
CPPUNIT_TRUE='#'
CXX='g++'
CXXCPP='g++ -E'
CXXDEPMODE='depmode=gcc3'
CXXFLAGS='-g -O2'
CYGPATH_W='echo'
DEFS='-DHAVE_CONFIG_H'
DEPDIR='.deps'
DLLTOOL='false'
DSYMUTIL=''
DUMPBIN=''
ECHO_C=''
ECHO_N='-n'
ECHO_T=''
EGREP='/usr/bin/grep -E'
EXEEXT=''
FGREP='/usr/bin/grep -F'
GREP='/usr/bin/grep'
HAVE_LIBSQLITE3_FALSE='#'
HAVE_LIBSQLITE3_TRUE=''
HAVE_POSTGRESQL_FALSE=''
HAVE_POSTGRESQL_TRUE='#'
INSTALL_DATA='${INSTALL} -m 644'
INSTALL_PROGRAM='${INSTALL}'
INSTALL_SCRIPT='${INSTALL}'
INSTALL_STRIP_PROGRAM='$(install_sh) -c -s'
JAVA=''
JAVAC=''
JNI_CPPFLAGS=''
LD='/usr/bin/ld -m elf_x86_64'
LDFLAGS=' -pthread -L/usr/local/lib'
LIBOBJS=''
LIBS='-ldl -lsqlite3 -ldl -lstdc++ '
LIBTOOL='$(SHELL) $(top_builddir)/libtool'
LIBTSK_LDFLAGS=''
LIPO=''
LN_S='ln -s'
LTLIBOBJS=''
LT_SYS_LIBRARY_PATH=''
MAINT='#'
MAINTAINER_MODE_FALSE=''
MAINTAINER_MODE_TRUE='#'
MAKEINFO='${SHELL} /home/lordyesta/Projects/pytsk/sleuthkit/config/missing makeinfo'
MANIFEST_TOOL=':'
MKDIR_P='/usr/bin/mkdir -p'
NM='/usr/bin/nm -B'
NMEDIT=''
OBJDUMP='objdump'
OBJEXT='o'
OFFLINE_FALSE=''
OFFLINE_TRUE='#'
OTOOL64=''
OTOOL=''
PACKAGE='sleuthkit'
PACKAGE_BUGREPORT=''
PACKAGE_NAME='sleuthkit'
PACKAGE_STRING='sleuthkit 4.6.6'
PACKAGE_TARNAME='sleuthkit'
PACKAGE_URL=''
PACKAGE_VERSION='4.6.6'
PATH_SEPARATOR=':'
PERL='/usr/bin/perl'
PTHREAD_CC='gcc'
PTHREAD_CFLAGS='-pthread'
PTHREAD_LIBS=''
RANLIB='ranlib'
SED='/usr/bin/sed'
SET_MAKE=''
SHELL='/bin/sh'
STRIP='strip'
VERSION='4.6.6'
X_JNI_FALSE=''
X_JNI_TRUE='#'
X_ZLIB_FALSE=''
X_ZLIB_TRUE='#'
Z_PATH=''
_ACJNI_JAVAC=''
ac_ct_AR='ar'
ac_ct_CC='gcc'
ac_ct_CXX='g++'
ac_ct_DUMPBIN=''
am__EXEEXT_FALSE=''
am__EXEEXT_TRUE='#'
am__fastdepCC_FALSE='#'
am__fastdepCC_TRUE=''
am__fastdepCXX_FALSE='#'
am__fastdepCXX_TRUE=''
am__include='include'
am__isrc=''
am__leading_dot='.'
am__nodep='_no'
am__quote=''
am__tar='$${TAR-tar} chof - "$$tardir"'
am__untar='$${TAR-tar} xf -'
ax_pthread_config=''
bindir='${exec_prefix}/bin'
build='x86_64-pc-linux-gnu'
build_alias=''
build_cpu='x86_64'
build_os='linux-gnu'
build_vendor='pc'
datadir='${datarootdir}'
datarootdir='${prefix}/share'
docdir='${datarootdir}/doc/${PACKAGE_TARNAME}'
dvidir='${docdir}'
exec_prefix='${prefix}'
host='x86_64-pc-linux-gnu'
host_alias=''
host_cpu='x86_64'
host_os='linux-gnu'
host_vendor='pc'
htmldir='${docdir}'
includedir='${prefix}/include'
infodir='${datarootdir}/info'
install_sh='${SHELL} /home/lordyesta/Projects/pytsk/sleuthkit/config/install-sh'
libdir='${exec_prefix}/lib'
libexecdir='${exec_prefix}/libexec'
localedir='${datarootdir}/locale'
localstatedir='${prefix}/var'
mandir='${datarootdir}/man'
mkdir_p='$(MKDIR_P)'
oldincludedir='/usr/include'
pdfdir='${docdir}'
prefix='/usr/local'
program_transform_name='s,x,x,'
psdir='${docdir}'
sbindir='${exec_prefix}/sbin'
sharedstatedir='${prefix}/com'
sysconfdir='${prefix}/etc'
target_alias=''
uudecode=''

## ----------- ##
## confdefs.h. ##
## ----------- ##

/* confdefs.h */
#define PACKAGE_NAME "sleuthkit"
#define PACKAGE_TARNAME "sleuthkit"
#define PACKAGE_VERSION "4.6.6"
#define PACKAGE_STRING "sleuthkit 4.6.6"
#define PACKAGE_BUGREPORT ""
#define PACKAGE_URL ""
#define PACKAGE "sleuthkit"
#define VERSION "4.6.6"
#define STDC_HEADERS 1
#define HAVE_SYS_TYPES_H 1
#define HAVE_SYS_STAT_H 1
#define HAVE_STDLIB_H 1
#define HAVE_STRING_H 1
#define HAVE_MEMORY_H 1
#define HAVE_STRINGS_H 1
#define HAVE_INTTYPES_H 1
#define HAVE_STDINT_H 1
#define HAVE_UNISTD_H 1
#define HAVE_DLFCN_H 1
#define LT_OBJDIR ".libs/"
#define STDC_HEADERS 1
#define HAVE_ERR_H 1
#define HAVE_INTTYPES_H 1
#define HAVE_UNISTD_H 1
#define HAVE_STDINT_H 1
#define HAVE_SYS_PARAM_H 1
#define HAVE_SYS_RESOURCE_H 1
#define HAVE__BOOL 1
#define HAVE_STDBOOL_H 1
#define HAVE_ALLOCA_H 1
#define HAVE_ALLOCA 1
#define HAVE_FSEEKO 1
#define LSTAT_FOLLOWS_SLASHED_SYMLINK 1
#define LSTAT_FOLLOWS_SLASHED_SYMLINK 1
#define HAVE_SYS_SELECT_H 1
#define HAVE_SYS_SOCKET_H 1
#define SELECT_TYPE_ARG1 int
#define SELECT_TYPE_ARG234 (fd_set *)
#define SELECT_TYPE_ARG5 (struct timeval *)
#define HAVE_UTIME_H 1
#define HAVE_UTIME_NULL 1
#define HAVE_VPRINTF 1
#define HAVE_ERR 1
#define HAVE_ERRX 1
#define HAVE_WARN 1
#define HAVE_WARNX 1
#define HAVE_VASPRINTF 1
#define HAVE_GETRUSAGE 1
#define HAVE_PTHREAD 1
#define HAVE_LIBSTDC__ 1
#define HAVE_SQLITE3_H 1
#define HAVE_LIBDL 1
#define HAVE_LIBSQLITE3 1
#define HAVE_LIBDL 1
#define HAVE_GETLINE 1

configure: exit 0
