[pipenv.exceptions.ResolutionFailure]:       req_dir=requirements_dir
[pipenv.exceptions.ResolutionFailure]:   File "/home/macermak/.local/lib/python3.6/site-packages/pipenv/utils.py", line 726, in resolve_deps
[pipenv.exceptions.ResolutionFailure]:       req_dir=req_dir,
[pipenv.exceptions.ResolutionFailure]:   File "/home/macermak/.local/lib/python3.6/site-packages/pipenv/utils.py", line 480, in actually_resolve_deps
[pipenv.exceptions.ResolutionFailure]:       resolved_tree = resolver.resolve()
[pipenv.exceptions.ResolutionFailure]:   File "/home/macermak/.local/lib/python3.6/site-packages/pipenv/utils.py", line 395, in resolve
[pipenv.exceptions.ResolutionFailure]:       raise ResolutionFailure(message=str(e))
[pipenv.exceptions.ResolutionFailure]:       pipenv.exceptions.ResolutionFailure: ERROR: ERROR: Could not find a version that matches six==1.10.0,>=1.11.0,>=1.5,>=1.9.0
[pipenv.exceptions.ResolutionFailure]:       Tried: 0.9.0, 0.9.1, 0.9.2, 1.0.0, 1.1.0, 1.2.0, 1.3.0, 1.4.0, 1.4.1, 1.5.0, 1.5.0, 1.5.1, 1.5.1, 1.5.2, 1.5.2, 1.6.0, 1.6.0, 1.6.1, 1.6.1, 1.7.0, 1.7.0, 1.7.1, 1.7.1, 1.7.2, 1.7.2, 1.7.3, 1.7.3, 1.8.0, 1.8.0, 1.9.0, 1.9.0, 1.10.0, 1.10.0, 1.11.0, 1.11.0, 1.12.0, 1.12.0
[pipenv.exceptions.ResolutionFailure]:       Skipped pre-versions: 1.0b1
[pipenv.exceptions.ResolutionFailure]: Warning: Your dependencies could not be resolved. You likely have a mismatch in your sub-dependencies.
  First try clearing your dependency cache with $ pipenv lock --clear, then try the original command again.
 Alternatively, you can use $ pipenv install --skip-lock to bypass this mechanism, then run $ pipenv graph to inspect the situation.
  Hint: try $ pipenv lock --pre if it is a pre-release dependency.
ERROR: ERROR: Could not find a version that matches six==1.10.0,>=1.11.0,>=1.5,>=1.9.0
Tried: 0.9.0, 0.9.1, 0.9.2, 1.0.0, 1.1.0, 1.2.0, 1.3.0, 1.4.0, 1.4.1, 1.5.0, 1.5.0, 1.5.1, 1.5.1, 1.5.2, 1.5.2, 1.6.0, 1.6.0, 1.6.1, 1.6.1, 1.7.0, 1.7.0, 1.7.1, 1.7.1, 1.7.2, 1.7.2, 1.7.3, 1.7.3, 1.8.0, 1.8.0, 1.9.0, 1.9.0, 1.10.0, 1.10.0, 1.11.0, 1.11.0, 1.12.0, 1.12.0
Skipped pre-versions: 1.0b1
There are incompatible versions in the resolved dependencies.
[pipenv.exceptions.ResolutionFailure]:   File "/home/macermak/.local/lib/python3.6/site-packages/pipenv/utils.py", line 726, in resolve_deps
[pipenv.exceptions.ResolutionFailure]:       req_dir=req_dir,
[pipenv.exceptions.ResolutionFailure]:   File "/home/macermak/.local/lib/python3.6/site-packages/pipenv/utils.py", line 480, in actually_resolve_deps
[pipenv.exceptions.ResolutionFailure]:       resolved_tree = resolver.resolve()
[pipenv.exceptions.ResolutionFailure]:   File "/home/macermak/.local/lib/python3.6/site-packages/pipenv/utils.py", line 395, in resolve
[pipenv.exceptions.ResolutionFailure]:       raise ResolutionFailure(message=str(e))
[pipenv.exceptions.ResolutionFailure]:       pipenv.exceptions.ResolutionFailure: ERROR: ERROR: Could not find a version that matches six==1.10.0,>=1.11.0,>=1.5,>=1.9.0
[pipenv.exceptions.ResolutionFailure]:       Tried: 0.9.0, 0.9.1, 0.9.2, 1.0.0, 1.1.0, 1.2.0, 1.3.0, 1.4.0, 1.4.1, 1.5.0, 1.5.0, 1.5.1, 1.5.1, 1.5.2, 1.5.2, 1.6.0, 1.6.0, 1.6.1, 1.6.1, 1.7.0, 1.7.0, 1.7.1, 1.7.1, 1.7.2, 1.7.2, 1.7.3, 1.7.3, 1.8.0, 1.8.0, 1.9.0, 1.9.0, 1.10.0, 1.10.0, 1.11.0, 1.11.0, 1.12.0, 1.12.0
[pipenv.exceptions.ResolutionFailure]:       Skipped pre-versions: 1.0b1
[pipenv.exceptions.ResolutionFailure]: Warning: Your dependencies could not be resolved. You likely have a mismatch in your sub-dependencies.
  First try clearing your dependency cache with $ pipenv lock --clear, then try the original command again.
 Alternatively, you can use $ pipenv install --skip-lock to bypass this mechanism, then run $ pipenv graph to inspect the situation.
  Hint: try $ pipenv lock --pre if it is a pre-release dependency.
ERROR: ERROR: Could not find a version that matches six==1.10.0,>=1.11.0,>=1.5,>=1.9.0
Tried: 0.9.0, 0.9.1, 0.9.2, 1.0.0, 1.1.0, 1.2.0, 1.3.0, 1.4.0, 1.4.1, 1.5.0, 1.5.0, 1.5.1, 1.5.1, 1.5.2, 1.5.2, 1.6.0, 1.6.0, 1.6.1, 1.6.1, 1.7.0, 1.7.0, 1.7.1, 1.7.1, 1.7.2, 1.7.2, 1.7.3, 1.7.3, 1.8.0, 1.8.0, 1.9.0, 1.9.0, 1.10.0, 1.10.0, 1.11.0, 1.11.0, 1.12.0, 1.12.0
Skipped pre-versions: 1.0b1
There are incompatible versions in the resolved dependencies.

