Processing /home/macermak/RedHat/aicoe/lab
Collecting networkx (from thoth-lab==0.0.3)
Collecting requests (from thoth-lab==0.0.3)
  Using cached https://files.pythonhosted.org/packages/7d/e3/20f3d364d6c8e5d2353c72a67778eb189176f08e873c9900e10c0287b84b/requests-2.21.0-py2.py3-none-any.whl
Collecting pandas (from thoth-lab==0.0.3)
  Using cached https://files.pythonhosted.org/packages/e6/de/a0d3defd8f338eaf53ef716e40ef6d6c277c35d50e09b586e170169cdf0d/pandas-0.24.1-cp36-cp36m-manylinux1_x86_64.whl
Collecting plotly (from thoth-lab==0.0.3)
  Using cached https://files.pythonhosted.org/packages/fd/db/003b5cfbc710f4d4982440451185b952269e4080a57ae7e760a2ceb8ce0c/plotly-3.6.1-py2.py3-none-any.whl
Collecting decorator>=4.3.0 (from networkx->thoth-lab==0.0.3)
  Using cached https://files.pythonhosted.org/packages/f1/cd/7c8240007e9716b14679bc217a1baefa4432aa30394f7e2ec40a52b1a708/decorator-4.3.2-py2.py3-none-any.whl
Collecting idna<2.9,>=2.5 (from requests->thoth-lab==0.0.3)
  Using cached https://files.pythonhosted.org/packages/14/2c/cd551d81dbe15200be1cf41cd03869a46fe7226e7450af7a6545bfc474c9/idna-2.8-py2.py3-none-any.whl
Collecting certifi>=2017.4.17 (from requests->thoth-lab==0.0.3)
  Using cached https://files.pythonhosted.org/packages/9f/e0/accfc1b56b57e9750eba272e24c4dddeac86852c2bebd1236674d7887e8a/certifi-2018.11.29-py2.py3-none-any.whl
Collecting chardet<3.1.0,>=3.0.2 (from requests->thoth-lab==0.0.3)
  Using cached https://files.pythonhosted.org/packages/bc/a9/01ffebfb562e4274b6487b4bb1ddec7ca55ec7510b22e4c51f14098443b8/chardet-3.0.4-py2.py3-none-any.whl
Collecting urllib3<1.25,>=1.21.1 (from requests->thoth-lab==0.0.3)
  Using cached https://files.pythonhosted.org/packages/62/00/ee1d7de624db8ba7090d1226aebefab96a2c71cd5cfa7629d6ad3f61b79e/urllib3-1.24.1-py2.py3-none-any.whl
Collecting python-dateutil>=2.5.0 (from pandas->thoth-lab==0.0.3)
  Using cached https://files.pythonhosted.org/packages/41/17/c62faccbfbd163c7f57f3844689e3a78bae1f403648a6afb1d0866d87fbb/python_dateutil-2.8.0-py2.py3-none-any.whl
Collecting numpy>=1.12.0 (from pandas->thoth-lab==0.0.3)
  Using cached https://files.pythonhosted.org/packages/f5/bf/4981bcbee43934f0adb8f764a1e70ab0ee5a448f6505bd04a87a2fda2a8b/numpy-1.16.1-cp36-cp36m-manylinux1_x86_64.whl
Collecting pytz>=2011k (from pandas->thoth-lab==0.0.3)
  Using cached https://files.pythonhosted.org/packages/61/28/1d3920e4d1d50b19bc5d24398a7cd85cc7b9a75a490570d5a30c57622d34/pytz-2018.9-py2.py3-none-any.whl
Collecting nbformat>=4.2 (from plotly->thoth-lab==0.0.3)
  Using cached https://files.pythonhosted.org/packages/da/27/9a654d2b6cc1eaa517d1c5a4405166c7f6d72f04f6e7eea41855fe808a46/nbformat-4.4.0-py2.py3-none-any.whl
Collecting six (from plotly->thoth-lab==0.0.3)
  Using cached https://files.pythonhosted.org/packages/73/fb/00a976f728d0d1fecfe898238ce23f502a721c0ac0ecfedb80e0d88c64e9/six-1.12.0-py2.py3-none-any.whl
Collecting retrying>=1.3.3 (from plotly->thoth-lab==0.0.3)
Collecting traitlets>=4.1 (from nbformat>=4.2->plotly->thoth-lab==0.0.3)
  Using cached https://files.pythonhosted.org/packages/93/d6/abcb22de61d78e2fc3959c964628a5771e47e7cc60d53e9342e21ed6cc9a/traitlets-4.3.2-py2.py3-none-any.whl
Collecting ipython-genutils (from nbformat>=4.2->plotly->thoth-lab==0.0.3)
  Using cached https://files.pythonhosted.org/packages/fa/bc/9bd3b5c2b4774d5f33b2d544f1460be9df7df2fe42f352135381c347c69a/ipython_genutils-0.2.0-py2.py3-none-any.whl
Collecting jupyter-core (from nbformat>=4.2->plotly->thoth-lab==0.0.3)
  Using cached https://files.pythonhosted.org/packages/1d/44/065d2d7bae7bebc06f1dd70d23c36da8c50c0f08b4236716743d706762a8/jupyter_core-4.4.0-py2.py3-none-any.whl
Collecting jsonschema!=2.5.0,>=2.4 (from nbformat>=4.2->plotly->thoth-lab==0.0.3)
  Using cached https://files.pythonhosted.org/packages/77/de/47e35a97b2b05c2fadbec67d44cfcdcd09b8086951b331d82de90d2912da/jsonschema-2.6.0-py2.py3-none-any.whl
Installing collected packages: decorator, networkx, idna, certifi, chardet, urllib3, requests, six, python-dateutil, numpy, pytz, pandas, ipython-genutils, traitlets, jupyter-core, jsonschema, nbformat, retrying, plotly, thoth-lab
  Found existing installation: decorator 4.3.2
    Uninstalling decorator-4.3.2:
      Successfully uninstalled decorator-4.3.2
  Found existing installation: networkx 2.2
    Uninstalling networkx-2.2:
      Successfully uninstalled networkx-2.2
  Found existing installation: idna 2.8
    Uninstalling idna-2.8:
      Successfully uninstalled idna-2.8
  Found existing installation: certifi 2018.11.29
    Uninstalling certifi-2018.11.29:
      Successfully uninstalled certifi-2018.11.29
  Found existing installation: chardet 3.0.4
    Uninstalling chardet-3.0.4:
      Successfully uninstalled chardet-3.0.4
  Found existing installation: urllib3 1.24.1
    Uninstalling urllib3-1.24.1:
      Successfully uninstalled urllib3-1.24.1
  Found existing installation: requests 2.21.0
    Uninstalling requests-2.21.0:
      Successfully uninstalled requests-2.21.0
  Found existing installation: six 1.12.0
    Uninstalling six-1.12.0:
      Successfully uninstalled six-1.12.0
  Found existing installation: python-dateutil 2.8.0
    Uninstalling python-dateutil-2.8.0:
      Successfully uninstalled python-dateutil-2.8.0
  Found existing installation: numpy 1.16.1
    Uninstalling numpy-1.16.1:
      Successfully uninstalled numpy-1.16.1
  Found existing installation: pytz 2018.9
    Uninstalling pytz-2018.9:
      Successfully uninstalled pytz-2018.9
  Found existing installation: pandas 0.24.1
    Uninstalling pandas-0.24.1:
      Successfully uninstalled pandas-0.24.1
  Found existing installation: ipython-genutils 0.2.0
    Uninstalling ipython-genutils-0.2.0:
      Successfully uninstalled ipython-genutils-0.2.0
  Found existing installation: traitlets 4.3.2
    Uninstalling traitlets-4.3.2:
      Successfully uninstalled traitlets-4.3.2
  Found existing installation: jupyter-core 4.4.0
    Uninstalling jupyter-core-4.4.0:
      Successfully uninstalled jupyter-core-4.4.0
  Found existing installation: jsonschema 2.6.0
    Uninstalling jsonschema-2.6.0:
      Successfully uninstalled jsonschema-2.6.0
  Found existing installation: nbformat 4.4.0
    Uninstalling nbformat-4.4.0:
      Successfully uninstalled nbformat-4.4.0
  Found existing installation: retrying 1.3.3
    Uninstalling retrying-1.3.3:
      Successfully uninstalled retrying-1.3.3
  Found existing installation: plotly 3.6.1
    Uninstalling plotly-3.6.1:
      Successfully uninstalled plotly-3.6.1
  Found existing installation: thoth-lab 0.0.3
    Uninstalling thoth-lab-0.0.3:
      Successfully uninstalled thoth-lab-0.0.3
  Running setup.py install for thoth-lab: started
    Running setup.py install for thoth-lab: finished with status 'done'
Successfully installed certifi-2018.11.29 chardet-3.0.4 decorator-4.3.2 idna-2.8 ipython-genutils-0.2.0 jsonschema-2.6.0 jupyter-core-4.4.0 nbformat-4.4.0 networkx-2.2 numpy-1.16.1 pandas-0.24.1 plotly-3.6.1 python-dateutil-2.8.0 pytz-2018.9 requests-2.21.0 retrying-1.3.3 six-1.12.0 thoth-lab-0.0.3 traitlets-4.3.2 urllib3-1.24.1
You are using pip version 10.0.1, however version 19.0.3 is available.
You should consider upgrading via the 'pip install --upgrade pip' command.
