Processing /home/macermak/RedHat/aicoe/lab
Collecting gremlinpython (from thoth-lab==0.0.3)
  Downloading https://files.pythonhosted.org/packages/36/67/f12b688b8478dceb00e6853b6deb7437f38346fec90766bbcf855ec4942b/gremlinpython-3.4.0-py2.py3-none-any.whl (51kB)
Collecting networkx (from thoth-lab==0.0.3)
Collecting requests (from thoth-lab==0.0.3)
  Using cached https://files.pythonhosted.org/packages/7d/e3/20f3d364d6c8e5d2353c72a67778eb189176f08e873c9900e10c0287b84b/requests-2.21.0-py2.py3-none-any.whl
Collecting pandas (from thoth-lab==0.0.3)
  Using cached https://files.pythonhosted.org/packages/e6/de/a0d3defd8f338eaf53ef716e40ef6d6c277c35d50e09b586e170169cdf0d/pandas-0.24.1-cp36-cp36m-manylinux1_x86_64.whl
Collecting plotly (from thoth-lab==0.0.3)
  Using cached https://files.pythonhosted.org/packages/fd/db/003b5cfbc710f4d4982440451185b952269e4080a57ae7e760a2ceb8ce0c/plotly-3.6.1-py2.py3-none-any.whl
Collecting aenum>=1.4.5 (from gremlinpython->thoth-lab==0.0.3)
  Using cached https://files.pythonhosted.org/packages/0d/46/5b6a6c13fee40f9dfaba84de1394bfe082c0c7d95952ba0ffbd56ce3a3f7/aenum-2.1.2-py3-none-any.whl
Collecting six>=1.10.0 (from gremlinpython->thoth-lab==0.0.3)
  Using cached https://files.pythonhosted.org/packages/73/fb/00a976f728d0d1fecfe898238ce23f502a721c0ac0ecfedb80e0d88c64e9/six-1.12.0-py2.py3-none-any.whl
Collecting tornado<5.0,>=4.4.1 (from gremlinpython->thoth-lab==0.0.3)
  Downloading https://files.pythonhosted.org/packages/e3/7b/e29ab3d51c8df66922fea216e2bddfcb6430fb29620e5165b16a216e0d3c/tornado-4.5.3.tar.gz (484kB)
Collecting decorator>=4.3.0 (from networkx->thoth-lab==0.0.3)
  Using cached https://files.pythonhosted.org/packages/f1/cd/7c8240007e9716b14679bc217a1baefa4432aa30394f7e2ec40a52b1a708/decorator-4.3.2-py2.py3-none-any.whl
Collecting idna<2.9,>=2.5 (from requests->thoth-lab==0.0.3)
  Using cached https://files.pythonhosted.org/packages/14/2c/cd551d81dbe15200be1cf41cd03869a46fe7226e7450af7a6545bfc474c9/idna-2.8-py2.py3-none-any.whl
Collecting certifi>=2017.4.17 (from requests->thoth-lab==0.0.3)
  Using cached https://files.pythonhosted.org/packages/9f/e0/accfc1b56b57e9750eba272e24c4dddeac86852c2bebd1236674d7887e8a/certifi-2018.11.29-py2.py3-none-any.whl
Collecting urllib3<1.25,>=1.21.1 (from requests->thoth-lab==0.0.3)
  Using cached https://files.pythonhosted.org/packages/62/00/ee1d7de624db8ba7090d1226aebefab96a2c71cd5cfa7629d6ad3f61b79e/urllib3-1.24.1-py2.py3-none-any.whl
Collecting chardet<3.1.0,>=3.0.2 (from requests->thoth-lab==0.0.3)
  Using cached https://files.pythonhosted.org/packages/bc/a9/01ffebfb562e4274b6487b4bb1ddec7ca55ec7510b22e4c51f14098443b8/chardet-3.0.4-py2.py3-none-any.whl
Collecting numpy>=1.12.0 (from pandas->thoth-lab==0.0.3)
  Using cached https://files.pythonhosted.org/packages/f5/bf/4981bcbee43934f0adb8f764a1e70ab0ee5a448f6505bd04a87a2fda2a8b/numpy-1.16.1-cp36-cp36m-manylinux1_x86_64.whl
Collecting python-dateutil>=2.5.0 (from pandas->thoth-lab==0.0.3)
  Using cached https://files.pythonhosted.org/packages/41/17/c62faccbfbd163c7f57f3844689e3a78bae1f403648a6afb1d0866d87fbb/python_dateutil-2.8.0-py2.py3-none-any.whl
Collecting pytz>=2011k (from pandas->thoth-lab==0.0.3)
  Using cached https://files.pythonhosted.org/packages/61/28/1d3920e4d1d50b19bc5d24398a7cd85cc7b9a75a490570d5a30c57622d34/pytz-2018.9-py2.py3-none-any.whl
Collecting nbformat>=4.2 (from plotly->thoth-lab==0.0.3)
  Using cached https://files.pythonhosted.org/packages/da/27/9a654d2b6cc1eaa517d1c5a4405166c7f6d72f04f6e7eea41855fe808a46/nbformat-4.4.0-py2.py3-none-any.whl
Collecting retrying>=1.3.3 (from plotly->thoth-lab==0.0.3)
Collecting jupyter-core (from nbformat>=4.2->plotly->thoth-lab==0.0.3)
  Using cached https://files.pythonhosted.org/packages/1d/44/065d2d7bae7bebc06f1dd70d23c36da8c50c0f08b4236716743d706762a8/jupyter_core-4.4.0-py2.py3-none-any.whl
Collecting ipython-genutils (from nbformat>=4.2->plotly->thoth-lab==0.0.3)
  Using cached https://files.pythonhosted.org/packages/fa/bc/9bd3b5c2b4774d5f33b2d544f1460be9df7df2fe42f352135381c347c69a/ipython_genutils-0.2.0-py2.py3-none-any.whl
Collecting jsonschema!=2.5.0,>=2.4 (from nbformat>=4.2->plotly->thoth-lab==0.0.3)
  Downloading https://files.pythonhosted.org/packages/cd/e6/be1b2a6ebebdaf1f790f1e750bb720fbda0335c2a19601ea9d8bb5059f38/jsonschema-3.0.0-py2.py3-none-any.whl (54kB)
Collecting traitlets>=4.1 (from nbformat>=4.2->plotly->thoth-lab==0.0.3)
  Using cached https://files.pythonhosted.org/packages/93/d6/abcb22de61d78e2fc3959c964628a5771e47e7cc60d53e9342e21ed6cc9a/traitlets-4.3.2-py2.py3-none-any.whl
Collecting attrs>=17.4.0 (from jsonschema!=2.5.0,>=2.4->nbformat>=4.2->plotly->thoth-lab==0.0.3)
  Using cached https://files.pythonhosted.org/packages/3a/e1/5f9023cc983f1a628a8c2fd051ad19e76ff7b142a0faf329336f9a62a514/attrs-18.2.0-py2.py3-none-any.whl
Requirement already satisfied: setuptools in ./env/lib/python3.6/site-packages (from jsonschema!=2.5.0,>=2.4->nbformat>=4.2->plotly->thoth-lab==0.0.3) (39.0.1)
Collecting pyrsistent>=0.14.0 (from jsonschema!=2.5.0,>=2.4->nbformat>=4.2->plotly->thoth-lab==0.0.3)
  Downloading https://files.pythonhosted.org/packages/8c/46/4e93ab8a379d7efe93f20a0fb8a27bdfe88942cc954ab0210c3164e783e0/pyrsistent-0.14.11.tar.gz (104kB)
Installing collected packages: aenum, six, tornado, gremlinpython, decorator, networkx, idna, certifi, urllib3, chardet, requests, numpy, python-dateutil, pytz, pandas, ipython-genutils, traitlets, jupyter-core, attrs, pyrsistent, jsonschema, nbformat, retrying, plotly, thoth-lab
  Running setup.py install for tornado: started
    Running setup.py install for tornado: finished with status 'done'
  Running setup.py install for pyrsistent: started
    Running setup.py install for pyrsistent: finished with status 'done'
  Running setup.py install for thoth-lab: started
    Running setup.py install for thoth-lab: finished with status 'done'
Successfully installed aenum-2.1.2 attrs-18.2.0 certifi-2018.11.29 chardet-3.0.4 decorator-4.3.2 gremlinpython-3.4.0 idna-2.8 ipython-genutils-0.2.0 jsonschema-3.0.0 jupyter-core-4.4.0 nbformat-4.4.0 networkx-2.2 numpy-1.16.1 pandas-0.24.1 plotly-3.6.1 pyrsistent-0.14.11 python-dateutil-2.8.0 pytz-2018.9 requests-2.21.0 retrying-1.3.3 six-1.12.0 thoth-lab-0.0.3 tornado-4.5.3 traitlets-4.3.2 urllib3-1.24.1
You are using pip version 10.0.1, however version 19.0.3 is available.
You should consider upgrading via the 'pip install --upgrade pip' command.
